2025-08-24 21:59:45.410  INFO 21592 --- [main] com.mindskip.xzs.XzsApplication          : Starting XzsApplication v3.9.0 on 小汤圆 with PID 21592 (D:\CodeProject\xzs-mysql-master\source\xzs\target\xzs-3.9.0.jar started by 12428 in D:\CodeProject\xzs-mysql-master\source\xzs)
2025-08-24 21:59:45.410  INFO 21592 --- [main] com.mindskip.xzs.XzsApplication          : The following profiles are active: dev
2025-08-24 21:59:46.565  WARN 21592 --- [main] io.undertow.websockets.jsr               : UT026010: Buffer pool was not set on WebSocketDeploymentInfo, the default pool will be used
2025-08-24 21:59:46.582  INFO 21592 --- [main] io.undertow.servlet                      : Initializing Spring embedded WebApplicationContext
2025-08-24 21:59:46.582  INFO 21592 --- [main] o.s.web.context.ContextLoader            : Root WebApplicationContext: initialization completed in 1130 ms
2025-08-24 21:59:47.513  INFO 21592 --- [main] o.s.s.web.DefaultSecurityFilterChain     : Creating filter chain: any request, [org.springframework.security.web.context.request.async.WebAsyncManagerIntegrationFilter@42deb43a, org.springframework.security.web.context.SecurityContextPersistenceFilter@3c8bdd5b, org.springframework.security.web.header.HeaderWriterFilter@54e7391d, org.springframework.web.filter.CorsFilter@1deb2c43, org.springframework.security.web.authentication.logout.LogoutFilter@47d93e0d, com.mindskip.xzs.configuration.spring.security.RestLoginAuthenticationFilter@7e242b4d, org.springframework.security.web.authentication.UsernamePasswordAuthenticationFilter@5cbf9e9f, org.springframework.security.web.savedrequest.RequestCacheAwareFilter@40e4ea87, org.springframework.security.web.servletapi.SecurityContextHolderAwareRequestFilter@7bdf6bb7, org.springframework.security.web.authentication.rememberme.RememberMeAuthenticationFilter@5a2f016d, org.springframework.security.web.authentication.AnonymousAuthenticationFilter@3bb9efbc, org.springframework.security.web.session.SessionManagementFilter@255990cc, org.springframework.security.web.access.ExceptionTranslationFilter@6d1310f6, org.springframework.security.web.access.intercept.FilterSecurityInterceptor@3aaf4f07]
2025-08-24 21:59:47.805  INFO 21592 --- [main] org.xnio                                 : XNIO version 3.3.8.Final
2025-08-24 21:59:47.805  INFO 21592 --- [main] org.xnio.nio                             : XNIO NIO Implementation Version 3.3.8.Final
2025-08-24 21:59:47.853  INFO 21592 --- [main] o.s.b.w.e.u.UndertowServletWebServer     : Undertow started on port(s) 8080 (http) with context path ''
2025-08-24 21:59:47.853  INFO 21592 --- [main] com.mindskip.xzs.XzsApplication          : Started XzsApplication in 2.85 seconds (JVM running for 3.268)
2025-08-24 22:00:32.570  INFO 21592 --- [XNIO-1 task-1] io.undertow.servlet                      : Initializing Spring DispatcherServlet 'dispatcherServlet'
2025-08-24 22:00:32.587  INFO 21592 --- [XNIO-1 task-1] o.s.web.servlet.DispatcherServlet        : Initializing Servlet 'dispatcherServlet'
2025-08-24 22:00:32.587  INFO 21592 --- [XNIO-1 task-1] o.s.web.servlet.DispatcherServlet        : Completed initialization in 0 ms
2025-08-24 22:00:49.983  INFO 21592 --- [XNIO-1 task-48] com.zaxxer.hikari.HikariDataSource       : HikariPool-1 - Starting...
2025-08-24 22:00:50.274  INFO 21592 --- [XNIO-1 task-48] com.zaxxer.hikari.HikariDataSource       : HikariPool-1 - Start completed.
2025-08-24 22:00:50.291 DEBUG 21592 --- [XNIO-1 task-48] r.c.m.x.r.UserMapper.getUserByUserName   : ==>  Preparing: select id, user_uuid, user_name, password, real_name, age, sex, birth_day, user_level, phone, role, status, image_path, create_time, modify_time, last_active_time, deleted, wx_open_id from t_user where deleted=0 and user_name=? limit 1 
2025-08-24 22:00:50.324 DEBUG 21592 --- [XNIO-1 task-48] r.c.m.x.r.UserMapper.getUserByUserName   : ==> Parameters: student(String)
2025-08-24 22:00:50.368 DEBUG 21592 --- [XNIO-1 task-48] r.c.m.x.r.UserMapper.getUserByUserName   : <==      Total: 1
2025-08-24 22:00:51.308 DEBUG 21592 --- [XNIO-1 task-48] r.c.m.x.r.UserMapper.getUserByUserName   : ==>  Preparing: select id, user_uuid, user_name, password, real_name, age, sex, birth_day, user_level, phone, role, status, image_path, create_time, modify_time, last_active_time, deleted, wx_open_id from t_user where deleted=0 and user_name=? limit 1 
2025-08-24 22:00:51.308 DEBUG 21592 --- [XNIO-1 task-48] r.c.m.x.r.UserMapper.getUserByUserName   : ==> Parameters: student(String)
2025-08-24 22:00:51.316 DEBUG 21592 --- [XNIO-1 task-48] r.c.m.x.r.UserMapper.getUserByUserName   : <==      Total: 1
2025-08-24 22:00:51.341 DEBUG 21592 --- [XNIO-1 task-48] r.c.m.x.r.U.insertSelective              : ==>  Preparing: insert into t_user_event_log ( user_id, user_name, real_name, content, create_time ) values ( ?, ?, ?, ?, ? ) 
2025-08-24 22:00:51.341 DEBUG 21592 --- [XNIO-1 task-48] r.c.m.x.r.U.insertSelective              : ==> Parameters: 1(Integer), student(String), 学生(String), student 登录了学之思开源考试系统(String), 2025-08-24 22:00:51.316(Timestamp)
2025-08-24 22:00:51.350 DEBUG 21592 --- [XNIO-1 task-48] r.c.m.x.r.U.insertSelective              : <==    Updates: 1
2025-08-24 22:00:51.393 DEBUG 21592 --- [XNIO-1 task-50] r.c.m.x.r.UserMapper.getUserByUserName   : ==>  Preparing: select id, user_uuid, user_name, password, real_name, age, sex, birth_day, user_level, phone, role, status, image_path, create_time, modify_time, last_active_time, deleted, wx_open_id from t_user where deleted=0 and user_name=? limit 1 
2025-08-24 22:00:51.394 DEBUG 21592 --- [XNIO-1 task-52] r.c.m.x.r.UserMapper.getUserByUserName   : ==>  Preparing: select id, user_uuid, user_name, password, real_name, age, sex, birth_day, user_level, phone, role, status, image_path, create_time, modify_time, last_active_time, deleted, wx_open_id from t_user where deleted=0 and user_name=? limit 1 
2025-08-24 22:00:51.394 DEBUG 21592 --- [XNIO-1 task-50] r.c.m.x.r.UserMapper.getUserByUserName   : ==> Parameters: student(String)
2025-08-24 22:00:51.394 DEBUG 21592 --- [XNIO-1 task-52] r.c.m.x.r.UserMapper.getUserByUserName   : ==> Parameters: student(String)
2025-08-24 22:00:51.399 DEBUG 21592 --- [XNIO-1 task-52] r.c.m.x.r.UserMapper.getUserByUserName   : <==      Total: 1
2025-08-24 22:00:51.400 DEBUG 21592 --- [XNIO-1 task-50] r.c.m.x.r.UserMapper.getUserByUserName   : <==      Total: 1
2025-08-24 22:00:51.401 DEBUG 21592 --- [XNIO-1 task-51] r.c.m.x.r.UserMapper.getUserByUserName   : ==>  Preparing: select id, user_uuid, user_name, password, real_name, age, sex, birth_day, user_level, phone, role, status, image_path, create_time, modify_time, last_active_time, deleted, wx_open_id from t_user where deleted=0 and user_name=? limit 1 
2025-08-24 22:00:51.401 DEBUG 21592 --- [XNIO-1 task-51] r.c.m.x.r.UserMapper.getUserByUserName   : ==> Parameters: student(String)
2025-08-24 22:00:51.401 DEBUG 21592 --- [XNIO-1 task-49] r.c.m.x.r.UserMapper.getUserByUserName   : ==>  Preparing: select id, user_uuid, user_name, password, real_name, age, sex, birth_day, user_level, phone, role, status, image_path, create_time, modify_time, last_active_time, deleted, wx_open_id from t_user where deleted=0 and user_name=? limit 1 
2025-08-24 22:00:51.401 DEBUG 21592 --- [XNIO-1 task-49] r.c.m.x.r.UserMapper.getUserByUserName   : ==> Parameters: student(String)
2025-08-24 22:00:51.401 DEBUG 21592 --- [XNIO-1 task-52] r.c.m.x.r.T.getByGradeLevel              : ==>  Preparing: select id, title, grade_level, frame_text_content_id, create_user, create_time, deleted, create_user_name from t_task_exam where deleted=0 and grade_level = ? 
2025-08-24 22:00:51.401 DEBUG 21592 --- [XNIO-1 task-52] r.c.m.x.r.T.getByGradeLevel              : ==> Parameters: 1(Integer)
2025-08-24 22:00:51.401 DEBUG 21592 --- [XNIO-1 task-51] r.c.m.x.r.UserMapper.getUserByUserName   : <==      Total: 1
2025-08-24 22:00:51.401 DEBUG 21592 --- [XNIO-1 task-49] r.c.m.x.r.UserMapper.getUserByUserName   : <==      Total: 1
2025-08-24 22:00:51.401 DEBUG 21592 --- [XNIO-1 task-49] r.c.m.x.r.MessageUserMapper.unReadCount  : ==>  Preparing: select count(*) from t_message_user where readed='f' and receive_user_id = ? 
2025-08-24 22:00:51.401 DEBUG 21592 --- [XNIO-1 task-52] r.c.m.x.r.T.getByGradeLevel              : <==      Total: 0
2025-08-24 22:00:51.401 DEBUG 21592 --- [XNIO-1 task-49] r.c.m.x.r.MessageUserMapper.unReadCount  : ==> Parameters: 1(Integer)
2025-08-24 22:00:51.408 DEBUG 21592 --- [XNIO-1 task-51] r.c.m.x.r.ExamPaperMapper.indexPaper     : ==>  Preparing: SELECT id,name,limit_start_time,limit_end_time FROM t_exam_paper WHERE deleted=0 and paper_type= ? and grade_level=? ORDER BY id desc limit 5 
2025-08-24 22:00:51.408 DEBUG 21592 --- [XNIO-1 task-51] r.c.m.x.r.ExamPaperMapper.indexPaper     : ==> Parameters: 1(Integer), 1(Integer)
2025-08-24 22:00:51.411 DEBUG 21592 --- [XNIO-1 task-51] r.c.m.x.r.ExamPaperMapper.indexPaper     : <==      Total: 0
2025-08-24 22:00:51.416 DEBUG 21592 --- [XNIO-1 task-51] r.c.m.x.r.ExamPaperMapper.indexPaper     : ==>  Preparing: SELECT id,name,limit_start_time,limit_end_time FROM t_exam_paper WHERE deleted=0 and paper_type= ? and grade_level=? and ? between limit_start_time and limit_end_time ORDER BY id desc limit 5 
2025-08-24 22:00:51.416 DEBUG 21592 --- [XNIO-1 task-49] r.c.m.x.r.MessageUserMapper.unReadCount  : <==      Total: 1
2025-08-24 22:00:51.416 DEBUG 21592 --- [XNIO-1 task-51] r.c.m.x.r.ExamPaperMapper.indexPaper     : ==> Parameters: 4(Integer), 1(Integer), 2025-08-24 22:00:51.411(Timestamp)
2025-08-24 22:00:51.417 DEBUG 21592 --- [XNIO-1 task-51] r.c.m.x.r.ExamPaperMapper.indexPaper     : <==      Total: 0
2025-08-24 22:02:53.607 DEBUG 21592 --- [XNIO-1 task-55] r.c.m.x.r.UserMapper.getUserByUserName   : ==>  Preparing: select id, user_uuid, user_name, password, real_name, age, sex, birth_day, user_level, phone, role, status, image_path, create_time, modify_time, last_active_time, deleted, wx_open_id from t_user where deleted=0 and user_name=? limit 1 
2025-08-24 22:02:53.608 DEBUG 21592 --- [XNIO-1 task-54] r.c.m.x.r.UserMapper.getUserByUserName   : ==>  Preparing: select id, user_uuid, user_name, password, real_name, age, sex, birth_day, user_level, phone, role, status, image_path, create_time, modify_time, last_active_time, deleted, wx_open_id from t_user where deleted=0 and user_name=? limit 1 
2025-08-24 22:02:53.608 DEBUG 21592 --- [XNIO-1 task-54] r.c.m.x.r.UserMapper.getUserByUserName   : ==> Parameters: student(String)
2025-08-24 22:02:53.609 DEBUG 21592 --- [XNIO-1 task-55] r.c.m.x.r.UserMapper.getUserByUserName   : ==> Parameters: student(String)
2025-08-24 22:02:53.610 DEBUG 21592 --- [XNIO-1 task-57] r.c.m.x.r.UserMapper.getUserByUserName   : ==>  Preparing: select id, user_uuid, user_name, password, real_name, age, sex, birth_day, user_level, phone, role, status, image_path, create_time, modify_time, last_active_time, deleted, wx_open_id from t_user where deleted=0 and user_name=? limit 1 
2025-08-24 22:02:53.610 DEBUG 21592 --- [XNIO-1 task-56] r.c.m.x.r.UserMapper.getUserByUserName   : ==>  Preparing: select id, user_uuid, user_name, password, real_name, age, sex, birth_day, user_level, phone, role, status, image_path, create_time, modify_time, last_active_time, deleted, wx_open_id from t_user where deleted=0 and user_name=? limit 1 
2025-08-24 22:02:53.610 DEBUG 21592 --- [XNIO-1 task-57] r.c.m.x.r.UserMapper.getUserByUserName   : ==> Parameters: student(String)
2025-08-24 22:02:53.610 DEBUG 21592 --- [XNIO-1 task-56] r.c.m.x.r.UserMapper.getUserByUserName   : ==> Parameters: student(String)
2025-08-24 22:02:53.611 DEBUG 21592 --- [XNIO-1 task-54] r.c.m.x.r.UserMapper.getUserByUserName   : <==      Total: 1
2025-08-24 22:02:53.611 DEBUG 21592 --- [XNIO-1 task-55] r.c.m.x.r.UserMapper.getUserByUserName   : <==      Total: 1
2025-08-24 22:02:53.611 DEBUG 21592 --- [XNIO-1 task-56] r.c.m.x.r.UserMapper.getUserByUserName   : <==      Total: 1
2025-08-24 22:02:53.611 DEBUG 21592 --- [XNIO-1 task-57] r.c.m.x.r.UserMapper.getUserByUserName   : <==      Total: 1
2025-08-24 22:02:53.614 DEBUG 21592 --- [XNIO-1 task-54] r.c.m.x.r.MessageUserMapper.unReadCount  : ==>  Preparing: select count(*) from t_message_user where readed='f' and receive_user_id = ? 
2025-08-24 22:02:53.614 DEBUG 21592 --- [XNIO-1 task-57] r.c.m.x.r.T.getByGradeLevel              : ==>  Preparing: select id, title, grade_level, frame_text_content_id, create_user, create_time, deleted, create_user_name from t_task_exam where deleted=0 and grade_level = ? 
2025-08-24 22:02:53.614 DEBUG 21592 --- [XNIO-1 task-56] r.c.m.x.r.ExamPaperMapper.indexPaper     : ==>  Preparing: SELECT id,name,limit_start_time,limit_end_time FROM t_exam_paper WHERE deleted=0 and paper_type= ? and grade_level=? ORDER BY id desc limit 5 
2025-08-24 22:02:53.615 DEBUG 21592 --- [XNIO-1 task-54] r.c.m.x.r.MessageUserMapper.unReadCount  : ==> Parameters: 1(Integer)
2025-08-24 22:02:53.615 DEBUG 21592 --- [XNIO-1 task-57] r.c.m.x.r.T.getByGradeLevel              : ==> Parameters: 1(Integer)
2025-08-24 22:02:53.615 DEBUG 21592 --- [XNIO-1 task-56] r.c.m.x.r.ExamPaperMapper.indexPaper     : ==> Parameters: 1(Integer), 1(Integer)
2025-08-24 22:02:53.617 DEBUG 21592 --- [XNIO-1 task-56] r.c.m.x.r.ExamPaperMapper.indexPaper     : <==      Total: 0
2025-08-24 22:02:53.618 DEBUG 21592 --- [XNIO-1 task-57] r.c.m.x.r.T.getByGradeLevel              : <==      Total: 0
2025-08-24 22:02:53.618 DEBUG 21592 --- [XNIO-1 task-54] r.c.m.x.r.MessageUserMapper.unReadCount  : <==      Total: 1
2025-08-24 22:02:53.619 DEBUG 21592 --- [XNIO-1 task-56] r.c.m.x.r.ExamPaperMapper.indexPaper     : ==>  Preparing: SELECT id,name,limit_start_time,limit_end_time FROM t_exam_paper WHERE deleted=0 and paper_type= ? and grade_level=? and ? between limit_start_time and limit_end_time ORDER BY id desc limit 5 
2025-08-24 22:02:53.619 DEBUG 21592 --- [XNIO-1 task-56] r.c.m.x.r.ExamPaperMapper.indexPaper     : ==> Parameters: 4(Integer), 1(Integer), 2025-08-24 22:02:53.619(Timestamp)
2025-08-24 22:02:53.622 DEBUG 21592 --- [XNIO-1 task-56] r.c.m.x.r.ExamPaperMapper.indexPaper     : <==      Total: 0
2025-08-24 22:02:59.423 DEBUG 21592 --- [XNIO-1 task-58] r.c.m.x.r.UserMapper.getUserByUserName   : ==>  Preparing: select id, user_uuid, user_name, password, real_name, age, sex, birth_day, user_level, phone, role, status, image_path, create_time, modify_time, last_active_time, deleted, wx_open_id from t_user where deleted=0 and user_name=? limit 1 
2025-08-24 22:02:59.423 DEBUG 21592 --- [XNIO-1 task-58] r.c.m.x.r.UserMapper.getUserByUserName   : ==> Parameters: student(String)
2025-08-24 22:02:59.423 DEBUG 21592 --- [XNIO-1 task-58] r.c.m.x.r.UserMapper.getUserByUserName   : <==      Total: 1
2025-08-24 22:02:59.423 DEBUG 21592 --- [XNIO-1 task-58] r.c.m.x.r.U.insertSelective              : ==>  Preparing: insert into t_user_event_log ( user_id, user_name, real_name, content, create_time ) values ( ?, ?, ?, ?, ? ) 
2025-08-24 22:02:59.423 DEBUG 21592 --- [XNIO-1 task-58] r.c.m.x.r.U.insertSelective              : ==> Parameters: 1(Integer), student(String), 学生(String), student 登出了学之思开源考试系统(String), 2025-08-24 22:02:59.423(Timestamp)
2025-08-24 22:02:59.431 DEBUG 21592 --- [XNIO-1 task-58] r.c.m.x.r.U.insertSelective              : <==    Updates: 1
2025-08-24 22:03:05.954 DEBUG 21592 --- [XNIO-1 task-59] r.c.m.x.r.UserMapper.getUserByUserName   : ==>  Preparing: select id, user_uuid, user_name, password, real_name, age, sex, birth_day, user_level, phone, role, status, image_path, create_time, modify_time, last_active_time, deleted, wx_open_id from t_user where deleted=0 and user_name=? limit 1 
2025-08-24 22:03:05.955 DEBUG 21592 --- [XNIO-1 task-59] r.c.m.x.r.UserMapper.getUserByUserName   : ==> Parameters: admin(String)
2025-08-24 22:03:05.959 DEBUG 21592 --- [XNIO-1 task-59] r.c.m.x.r.UserMapper.getUserByUserName   : <==      Total: 1
2025-08-24 22:03:05.961 DEBUG 21592 --- [XNIO-1 task-59] r.c.m.x.r.UserMapper.getUserByUserName   : ==>  Preparing: select id, user_uuid, user_name, password, real_name, age, sex, birth_day, user_level, phone, role, status, image_path, create_time, modify_time, last_active_time, deleted, wx_open_id from t_user where deleted=0 and user_name=? limit 1 
2025-08-24 22:03:05.961 DEBUG 21592 --- [XNIO-1 task-59] r.c.m.x.r.UserMapper.getUserByUserName   : ==> Parameters: admin(String)
2025-08-24 22:03:05.961 DEBUG 21592 --- [XNIO-1 task-59] r.c.m.x.r.UserMapper.getUserByUserName   : <==      Total: 1
2025-08-24 22:03:05.961 DEBUG 21592 --- [XNIO-1 task-59] r.c.m.x.r.U.insertSelective              : ==>  Preparing: insert into t_user_event_log ( user_id, user_name, real_name, content, create_time ) values ( ?, ?, ?, ?, ? ) 
2025-08-24 22:03:05.961 DEBUG 21592 --- [XNIO-1 task-59] r.c.m.x.r.U.insertSelective              : ==> Parameters: 2(Integer), admin(String), 管理员(String), admin 登录了学之思开源考试系统(String), 2025-08-24 22:03:05.961(Timestamp)
2025-08-24 22:03:05.977 DEBUG 21592 --- [XNIO-1 task-59] r.c.m.x.r.U.insertSelective              : <==    Updates: 1
2025-08-24 22:15:59.445 DEBUG 21592 --- [XNIO-1 task-69] r.c.m.x.r.UserMapper.getUserByUserName   : ==>  Preparing: select id, user_uuid, user_name, password, real_name, age, sex, birth_day, user_level, phone, role, status, image_path, create_time, modify_time, last_active_time, deleted, wx_open_id from t_user where deleted=0 and user_name=? limit 1 
2025-08-24 22:15:59.447 DEBUG 21592 --- [XNIO-1 task-69] r.c.m.x.r.UserMapper.getUserByUserName   : ==> Parameters: admin(String)
2025-08-24 22:15:59.447 DEBUG 21592 --- [XNIO-1 task-69] r.c.m.x.r.UserMapper.getUserByUserName   : <==      Total: 1
2025-08-24 22:15:59.447 DEBUG 21592 --- [XNIO-1 task-69] r.c.m.x.r.UserMapper.getUserByUserName   : ==>  Preparing: select id, user_uuid, user_name, password, real_name, age, sex, birth_day, user_level, phone, role, status, image_path, create_time, modify_time, last_active_time, deleted, wx_open_id from t_user where deleted=0 and user_name=? limit 1 
2025-08-24 22:15:59.447 DEBUG 21592 --- [XNIO-1 task-69] r.c.m.x.r.UserMapper.getUserByUserName   : ==> Parameters: admin(String)
2025-08-24 22:15:59.455 DEBUG 21592 --- [XNIO-1 task-69] r.c.m.x.r.UserMapper.getUserByUserName   : <==      Total: 1
2025-08-24 22:15:59.455 DEBUG 21592 --- [XNIO-1 task-69] r.c.m.x.r.U.insertSelective              : ==>  Preparing: insert into t_user_event_log ( user_id, user_name, real_name, content, create_time ) values ( ?, ?, ?, ?, ? ) 
2025-08-24 22:15:59.455 DEBUG 21592 --- [XNIO-1 task-69] r.c.m.x.r.U.insertSelective              : ==> Parameters: 2(Integer), admin(String), 管理员(String), admin 登录了学之思开源考试系统(String), 2025-08-24 22:15:59.455(Timestamp)
2025-08-24 22:15:59.480 DEBUG 21592 --- [XNIO-1 task-69] r.c.m.x.r.U.insertSelective              : <==    Updates: 1
2025-08-24 22:16:11.020 DEBUG 21592 --- [XNIO-1 task-74] r.c.m.x.r.UserMapper.getUserByUserName   : ==>  Preparing: select id, user_uuid, user_name, password, real_name, age, sex, birth_day, user_level, phone, role, status, image_path, create_time, modify_time, last_active_time, deleted, wx_open_id from t_user where deleted=0 and user_name=? limit 1 
2025-08-24 22:16:11.020 DEBUG 21592 --- [XNIO-1 task-74] r.c.m.x.r.UserMapper.getUserByUserName   : ==> Parameters: student(String)
2025-08-24 22:16:11.030 DEBUG 21592 --- [XNIO-1 task-74] r.c.m.x.r.UserMapper.getUserByUserName   : <==      Total: 1
2025-08-24 22:16:11.030 DEBUG 21592 --- [XNIO-1 task-74] r.c.m.x.r.UserMapper.getUserByUserName   : ==>  Preparing: select id, user_uuid, user_name, password, real_name, age, sex, birth_day, user_level, phone, role, status, image_path, create_time, modify_time, last_active_time, deleted, wx_open_id from t_user where deleted=0 and user_name=? limit 1 
2025-08-24 22:16:11.030 DEBUG 21592 --- [XNIO-1 task-74] r.c.m.x.r.UserMapper.getUserByUserName   : ==> Parameters: student(String)
2025-08-24 22:16:11.035 DEBUG 21592 --- [XNIO-1 task-74] r.c.m.x.r.UserMapper.getUserByUserName   : <==      Total: 1
2025-08-24 22:16:11.036 DEBUG 21592 --- [XNIO-1 task-74] r.c.m.x.r.U.insertSelective              : ==>  Preparing: insert into t_user_event_log ( user_id, user_name, real_name, content, create_time ) values ( ?, ?, ?, ?, ? ) 
2025-08-24 22:16:11.037 DEBUG 21592 --- [XNIO-1 task-74] r.c.m.x.r.U.insertSelective              : ==> Parameters: 1(Integer), student(String), 学生(String), student 登录了学之思开源考试系统(String), 2025-08-24 22:16:11.036(Timestamp)
2025-08-24 22:16:11.038 DEBUG 21592 --- [XNIO-1 task-74] r.c.m.x.r.U.insertSelective              : <==    Updates: 1
2025-08-24 22:16:11.054 DEBUG 21592 --- [XNIO-1 task-76] r.c.m.x.r.UserMapper.getUserByUserName   : ==>  Preparing: select id, user_uuid, user_name, password, real_name, age, sex, birth_day, user_level, phone, role, status, image_path, create_time, modify_time, last_active_time, deleted, wx_open_id from t_user where deleted=0 and user_name=? limit 1 
2025-08-24 22:16:11.055 DEBUG 21592 --- [XNIO-1 task-76] r.c.m.x.r.UserMapper.getUserByUserName   : ==> Parameters: student(String)
2025-08-24 22:16:11.055 DEBUG 21592 --- [XNIO-1 task-77] r.c.m.x.r.UserMapper.getUserByUserName   : ==>  Preparing: select id, user_uuid, user_name, password, real_name, age, sex, birth_day, user_level, phone, role, status, image_path, create_time, modify_time, last_active_time, deleted, wx_open_id from t_user where deleted=0 and user_name=? limit 1 
2025-08-24 22:16:11.055 DEBUG 21592 --- [XNIO-1 task-77] r.c.m.x.r.UserMapper.getUserByUserName   : ==> Parameters: student(String)
2025-08-24 22:16:11.057 DEBUG 21592 --- [XNIO-1 task-77] r.c.m.x.r.UserMapper.getUserByUserName   : <==      Total: 1
2025-08-24 22:16:11.057 DEBUG 21592 --- [XNIO-1 task-76] r.c.m.x.r.UserMapper.getUserByUserName   : <==      Total: 1
2025-08-24 22:16:11.058 DEBUG 21592 --- [XNIO-1 task-78] r.c.m.x.r.UserMapper.getUserByUserName   : ==>  Preparing: select id, user_uuid, user_name, password, real_name, age, sex, birth_day, user_level, phone, role, status, image_path, create_time, modify_time, last_active_time, deleted, wx_open_id from t_user where deleted=0 and user_name=? limit 1 
2025-08-24 22:16:11.058 DEBUG 21592 --- [XNIO-1 task-75] r.c.m.x.r.UserMapper.getUserByUserName   : ==>  Preparing: select id, user_uuid, user_name, password, real_name, age, sex, birth_day, user_level, phone, role, status, image_path, create_time, modify_time, last_active_time, deleted, wx_open_id from t_user where deleted=0 and user_name=? limit 1 
2025-08-24 22:16:11.058 DEBUG 21592 --- [XNIO-1 task-78] r.c.m.x.r.UserMapper.getUserByUserName   : ==> Parameters: student(String)
2025-08-24 22:16:11.059 DEBUG 21592 --- [XNIO-1 task-75] r.c.m.x.r.UserMapper.getUserByUserName   : ==> Parameters: student(String)
2025-08-24 22:16:11.061 DEBUG 21592 --- [XNIO-1 task-78] r.c.m.x.r.UserMapper.getUserByUserName   : <==      Total: 1
2025-08-24 22:16:11.061 DEBUG 21592 --- [XNIO-1 task-75] r.c.m.x.r.UserMapper.getUserByUserName   : <==      Total: 1
2025-08-24 22:16:11.062 DEBUG 21592 --- [XNIO-1 task-77] r.c.m.x.r.ExamPaperMapper.indexPaper     : ==>  Preparing: SELECT id,name,limit_start_time,limit_end_time FROM t_exam_paper WHERE deleted=0 and paper_type= ? and grade_level=? ORDER BY id desc limit 5 
2025-08-24 22:16:11.062 DEBUG 21592 --- [XNIO-1 task-77] r.c.m.x.r.ExamPaperMapper.indexPaper     : ==> Parameters: 1(Integer), 1(Integer)
2025-08-24 22:16:11.063 DEBUG 21592 --- [XNIO-1 task-78] r.c.m.x.r.T.getByGradeLevel              : ==>  Preparing: select id, title, grade_level, frame_text_content_id, create_user, create_time, deleted, create_user_name from t_task_exam where deleted=0 and grade_level = ? 
2025-08-24 22:16:11.063 DEBUG 21592 --- [XNIO-1 task-75] r.c.m.x.r.MessageUserMapper.unReadCount  : ==>  Preparing: select count(*) from t_message_user where readed='f' and receive_user_id = ? 
2025-08-24 22:16:11.063 DEBUG 21592 --- [XNIO-1 task-78] r.c.m.x.r.T.getByGradeLevel              : ==> Parameters: 1(Integer)
2025-08-24 22:16:11.066 DEBUG 21592 --- [XNIO-1 task-75] r.c.m.x.r.MessageUserMapper.unReadCount  : ==> Parameters: 1(Integer)
2025-08-24 22:16:11.066 DEBUG 21592 --- [XNIO-1 task-77] r.c.m.x.r.ExamPaperMapper.indexPaper     : <==      Total: 0
2025-08-24 22:16:11.067 DEBUG 21592 --- [XNIO-1 task-77] r.c.m.x.r.ExamPaperMapper.indexPaper     : ==>  Preparing: SELECT id,name,limit_start_time,limit_end_time FROM t_exam_paper WHERE deleted=0 and paper_type= ? and grade_level=? and ? between limit_start_time and limit_end_time ORDER BY id desc limit 5 
2025-08-24 22:16:11.067 DEBUG 21592 --- [XNIO-1 task-78] r.c.m.x.r.T.getByGradeLevel              : <==      Total: 0
2025-08-24 22:16:11.067 DEBUG 21592 --- [XNIO-1 task-75] r.c.m.x.r.MessageUserMapper.unReadCount  : <==      Total: 1
2025-08-24 22:16:11.068 DEBUG 21592 --- [XNIO-1 task-77] r.c.m.x.r.ExamPaperMapper.indexPaper     : ==> Parameters: 4(Integer), 1(Integer), 2025-08-24 22:16:11.067(Timestamp)
2025-08-24 22:16:11.070 DEBUG 21592 --- [XNIO-1 task-77] r.c.m.x.r.ExamPaperMapper.indexPaper     : <==      Total: 0
2025-08-24 22:16:16.213 DEBUG 21592 --- [XNIO-1 task-79] r.c.m.x.r.UserMapper.getUserByUserName   : ==>  Preparing: select id, user_uuid, user_name, password, real_name, age, sex, birth_day, user_level, phone, role, status, image_path, create_time, modify_time, last_active_time, deleted, wx_open_id from t_user where deleted=0 and user_name=? limit 1 
2025-08-24 22:16:16.214 DEBUG 21592 --- [XNIO-1 task-79] r.c.m.x.r.UserMapper.getUserByUserName   : ==> Parameters: student(String)
2025-08-24 22:16:16.216 DEBUG 21592 --- [XNIO-1 task-79] r.c.m.x.r.UserMapper.getUserByUserName   : <==      Total: 1
2025-08-24 22:16:16.217 DEBUG 21592 --- [XNIO-1 task-79] r.c.m.x.r.S.getSubjectByLevel            : ==>  Preparing: select id, name, level, level_name, item_order, deleted from t_subject where level= ? order by item_order 
2025-08-24 22:16:16.218 DEBUG 21592 --- [XNIO-1 task-79] r.c.m.x.r.S.getSubjectByLevel            : ==> Parameters: 1(Integer)
2025-08-24 22:16:16.220 DEBUG 21592 --- [XNIO-1 task-79] r.c.m.x.r.S.getSubjectByLevel            : <==      Total: 0
2025-08-24 22:16:17.162 DEBUG 21592 --- [XNIO-1 task-80] r.c.m.x.r.UserMapper.getUserByUserName   : ==>  Preparing: select id, user_uuid, user_name, password, real_name, age, sex, birth_day, user_level, phone, role, status, image_path, create_time, modify_time, last_active_time, deleted, wx_open_id from t_user where deleted=0 and user_name=? limit 1 
2025-08-24 22:16:17.162 DEBUG 21592 --- [XNIO-1 task-80] r.c.m.x.r.UserMapper.getUserByUserName   : ==> Parameters: student(String)
2025-08-24 22:16:17.162 DEBUG 21592 --- [XNIO-1 task-80] r.c.m.x.r.UserMapper.getUserByUserName   : <==      Total: 1
2025-08-24 22:16:17.228 DEBUG 21592 --- [XNIO-1 task-80] r.c.m.x.r.E.studentPage_COUNT            : ==>  Preparing: SELECT count(0) FROM t_exam_paper_answer WHERE create_user = ? 
2025-08-24 22:16:17.228 DEBUG 21592 --- [XNIO-1 task-80] r.c.m.x.r.E.studentPage_COUNT            : ==> Parameters: 1(Integer)
2025-08-24 22:16:17.228 DEBUG 21592 --- [XNIO-1 task-80] r.c.m.x.r.E.studentPage_COUNT            : <==      Total: 1
2025-08-24 22:16:21.183 DEBUG 21592 --- [XNIO-1 task-81] r.c.m.x.r.UserMapper.getUserByUserName   : ==>  Preparing: select id, user_uuid, user_name, password, real_name, age, sex, birth_day, user_level, phone, role, status, image_path, create_time, modify_time, last_active_time, deleted, wx_open_id from t_user where deleted=0 and user_name=? limit 1 
2025-08-24 22:16:21.184 DEBUG 21592 --- [XNIO-1 task-81] r.c.m.x.r.UserMapper.getUserByUserName   : ==> Parameters: student(String)
2025-08-24 22:16:21.186 DEBUG 21592 --- [XNIO-1 task-81] r.c.m.x.r.UserMapper.getUserByUserName   : <==      Total: 1
2025-08-24 22:16:21.191 DEBUG 21592 --- [XNIO-1 task-81] r.c.m.x.r.E.studentPage_COUNT            : ==>  Preparing: SELECT count(0) FROM t_exam_paper_question_customer_answer WHERE do_right = FALSE AND create_user = ? 
2025-08-24 22:16:21.191 DEBUG 21592 --- [XNIO-1 task-81] r.c.m.x.r.E.studentPage_COUNT            : ==> Parameters: 1(Integer)
2025-08-24 22:16:21.193 DEBUG 21592 --- [XNIO-1 task-81] r.c.m.x.r.E.studentPage_COUNT            : <==      Total: 1
2025-08-24 22:16:22.479 DEBUG 21592 --- [XNIO-1 task-83] r.c.m.x.r.UserMapper.getUserByUserName   : ==>  Preparing: select id, user_uuid, user_name, password, real_name, age, sex, birth_day, user_level, phone, role, status, image_path, create_time, modify_time, last_active_time, deleted, wx_open_id from t_user where deleted=0 and user_name=? limit 1 
2025-08-24 22:16:22.479 DEBUG 21592 --- [XNIO-1 task-82] r.c.m.x.r.UserMapper.getUserByUserName   : ==>  Preparing: select id, user_uuid, user_name, password, real_name, age, sex, birth_day, user_level, phone, role, status, image_path, create_time, modify_time, last_active_time, deleted, wx_open_id from t_user where deleted=0 and user_name=? limit 1 
2025-08-24 22:16:22.479 DEBUG 21592 --- [XNIO-1 task-83] r.c.m.x.r.UserMapper.getUserByUserName   : ==> Parameters: student(String)
2025-08-24 22:16:22.479 DEBUG 21592 --- [XNIO-1 task-82] r.c.m.x.r.UserMapper.getUserByUserName   : ==> Parameters: student(String)
2025-08-24 22:16:22.481 DEBUG 21592 --- [XNIO-1 task-83] r.c.m.x.r.UserMapper.getUserByUserName   : <==      Total: 1
2025-08-24 22:16:22.481 DEBUG 21592 --- [XNIO-1 task-82] r.c.m.x.r.UserMapper.getUserByUserName   : <==      Total: 1
2025-08-24 22:16:22.482 DEBUG 21592 --- [XNIO-1 task-83] r.c.m.x.r.T.getByGradeLevel              : ==>  Preparing: select id, title, grade_level, frame_text_content_id, create_user, create_time, deleted, create_user_name from t_task_exam where deleted=0 and grade_level = ? 
2025-08-24 22:16:22.482 DEBUG 21592 --- [XNIO-1 task-82] r.c.m.x.r.ExamPaperMapper.indexPaper     : ==>  Preparing: SELECT id,name,limit_start_time,limit_end_time FROM t_exam_paper WHERE deleted=0 and paper_type= ? and grade_level=? ORDER BY id desc limit 5 
2025-08-24 22:16:22.482 DEBUG 21592 --- [XNIO-1 task-83] r.c.m.x.r.T.getByGradeLevel              : ==> Parameters: 1(Integer)
2025-08-24 22:16:22.482 DEBUG 21592 --- [XNIO-1 task-82] r.c.m.x.r.ExamPaperMapper.indexPaper     : ==> Parameters: 1(Integer), 1(Integer)
2025-08-24 22:16:22.483 DEBUG 21592 --- [XNIO-1 task-82] r.c.m.x.r.ExamPaperMapper.indexPaper     : <==      Total: 0
2025-08-24 22:16:22.483 DEBUG 21592 --- [XNIO-1 task-83] r.c.m.x.r.T.getByGradeLevel              : <==      Total: 0
2025-08-24 22:16:22.484 DEBUG 21592 --- [XNIO-1 task-82] r.c.m.x.r.ExamPaperMapper.indexPaper     : ==>  Preparing: SELECT id,name,limit_start_time,limit_end_time FROM t_exam_paper WHERE deleted=0 and paper_type= ? and grade_level=? and ? between limit_start_time and limit_end_time ORDER BY id desc limit 5 
2025-08-24 22:16:22.485 DEBUG 21592 --- [XNIO-1 task-82] r.c.m.x.r.ExamPaperMapper.indexPaper     : ==> Parameters: 4(Integer), 1(Integer), 2025-08-24 22:16:22.483(Timestamp)
2025-08-24 22:16:22.486 DEBUG 21592 --- [XNIO-1 task-82] r.c.m.x.r.ExamPaperMapper.indexPaper     : <==      Total: 0
2025-08-24 22:19:40.279 DEBUG 21592 --- [XNIO-1 task-85] r.c.m.x.r.UserMapper.getUserByUserName   : ==>  Preparing: select id, user_uuid, user_name, password, real_name, age, sex, birth_day, user_level, phone, role, status, image_path, create_time, modify_time, last_active_time, deleted, wx_open_id from t_user where deleted=0 and user_name=? limit 1 
2025-08-24 22:19:40.279 DEBUG 21592 --- [XNIO-1 task-84] r.c.m.x.r.UserMapper.getUserByUserName   : ==>  Preparing: select id, user_uuid, user_name, password, real_name, age, sex, birth_day, user_level, phone, role, status, image_path, create_time, modify_time, last_active_time, deleted, wx_open_id from t_user where deleted=0 and user_name=? limit 1 
2025-08-24 22:19:40.280 DEBUG 21592 --- [XNIO-1 task-84] r.c.m.x.r.UserMapper.getUserByUserName   : ==> Parameters: student(String)
2025-08-24 22:19:40.280 DEBUG 21592 --- [XNIO-1 task-85] r.c.m.x.r.UserMapper.getUserByUserName   : ==> Parameters: student(String)
2025-08-24 22:19:40.281 DEBUG 21592 --- [XNIO-1 task-84] r.c.m.x.r.UserMapper.getUserByUserName   : <==      Total: 1
2025-08-24 22:19:40.281 DEBUG 21592 --- [XNIO-1 task-85] r.c.m.x.r.UserMapper.getUserByUserName   : <==      Total: 1
2025-08-24 22:19:40.283 DEBUG 21592 --- [XNIO-1 task-85] r.c.m.x.r.U.getUserEventLogByUserId      : ==>  Preparing: select id, user_id, user_name, real_name, content, create_time from t_user_event_log where user_id=? order by id desc limit 10 
2025-08-24 22:19:40.283 DEBUG 21592 --- [XNIO-1 task-85] r.c.m.x.r.U.getUserEventLogByUserId      : ==> Parameters: 1(Integer)
2025-08-24 22:19:40.288 DEBUG 21592 --- [XNIO-1 task-85] r.c.m.x.r.U.getUserEventLogByUserId      : <==      Total: 3
2025-08-24 22:19:46.467 DEBUG 21592 --- [XNIO-1 task-86] r.c.m.x.r.UserMapper.getUserByUserName   : ==>  Preparing: select id, user_uuid, user_name, password, real_name, age, sex, birth_day, user_level, phone, role, status, image_path, create_time, modify_time, last_active_time, deleted, wx_open_id from t_user where deleted=0 and user_name=? limit 1 
2025-08-24 22:19:46.467 DEBUG 21592 --- [XNIO-1 task-87] r.c.m.x.r.UserMapper.getUserByUserName   : ==>  Preparing: select id, user_uuid, user_name, password, real_name, age, sex, birth_day, user_level, phone, role, status, image_path, create_time, modify_time, last_active_time, deleted, wx_open_id from t_user where deleted=0 and user_name=? limit 1 
2025-08-24 22:19:46.467 DEBUG 21592 --- [XNIO-1 task-87] r.c.m.x.r.UserMapper.getUserByUserName   : ==> Parameters: student(String)
2025-08-24 22:19:46.467 DEBUG 21592 --- [XNIO-1 task-86] r.c.m.x.r.UserMapper.getUserByUserName   : ==> Parameters: student(String)
2025-08-24 22:19:46.469 DEBUG 21592 --- [XNIO-1 task-87] r.c.m.x.r.UserMapper.getUserByUserName   : <==      Total: 1
2025-08-24 22:19:46.469 DEBUG 21592 --- [XNIO-1 task-86] r.c.m.x.r.UserMapper.getUserByUserName   : <==      Total: 1
2025-08-24 22:19:46.470 DEBUG 21592 --- [XNIO-1 task-87] r.c.m.x.r.T.getByGradeLevel              : ==>  Preparing: select id, title, grade_level, frame_text_content_id, create_user, create_time, deleted, create_user_name from t_task_exam where deleted=0 and grade_level = ? 
2025-08-24 22:19:46.470 DEBUG 21592 --- [XNIO-1 task-86] r.c.m.x.r.ExamPaperMapper.indexPaper     : ==>  Preparing: SELECT id,name,limit_start_time,limit_end_time FROM t_exam_paper WHERE deleted=0 and paper_type= ? and grade_level=? ORDER BY id desc limit 5 
2025-08-24 22:19:46.470 DEBUG 21592 --- [XNIO-1 task-87] r.c.m.x.r.T.getByGradeLevel              : ==> Parameters: 1(Integer)
2025-08-24 22:19:46.471 DEBUG 21592 --- [XNIO-1 task-86] r.c.m.x.r.ExamPaperMapper.indexPaper     : ==> Parameters: 1(Integer), 1(Integer)
2025-08-24 22:19:46.471 DEBUG 21592 --- [XNIO-1 task-86] r.c.m.x.r.ExamPaperMapper.indexPaper     : <==      Total: 0
2025-08-24 22:19:46.471 DEBUG 21592 --- [XNIO-1 task-87] r.c.m.x.r.T.getByGradeLevel              : <==      Total: 0
2025-08-24 22:19:46.472 DEBUG 21592 --- [XNIO-1 task-86] r.c.m.x.r.ExamPaperMapper.indexPaper     : ==>  Preparing: SELECT id,name,limit_start_time,limit_end_time FROM t_exam_paper WHERE deleted=0 and paper_type= ? and grade_level=? and ? between limit_start_time and limit_end_time ORDER BY id desc limit 5 
2025-08-24 22:19:46.473 DEBUG 21592 --- [XNIO-1 task-86] r.c.m.x.r.ExamPaperMapper.indexPaper     : ==> Parameters: 4(Integer), 1(Integer), 2025-08-24 22:19:46.472(Timestamp)
2025-08-24 22:19:46.473 DEBUG 21592 --- [XNIO-1 task-86] r.c.m.x.r.ExamPaperMapper.indexPaper     : <==      Total: 0
2025-08-24 22:19:48.940 DEBUG 21592 --- [XNIO-1 task-88] r.c.m.x.r.UserMapper.getUserByUserName   : ==>  Preparing: select id, user_uuid, user_name, password, real_name, age, sex, birth_day, user_level, phone, role, status, image_path, create_time, modify_time, last_active_time, deleted, wx_open_id from t_user where deleted=0 and user_name=? limit 1 
2025-08-24 22:19:48.941 DEBUG 21592 --- [XNIO-1 task-88] r.c.m.x.r.UserMapper.getUserByUserName   : ==> Parameters: student(String)
2025-08-24 22:19:48.942 DEBUG 21592 --- [XNIO-1 task-88] r.c.m.x.r.UserMapper.getUserByUserName   : <==      Total: 1
2025-08-24 22:19:48.943 DEBUG 21592 --- [XNIO-1 task-88] r.c.m.x.r.S.getSubjectByLevel            : ==>  Preparing: select id, name, level, level_name, item_order, deleted from t_subject where level= ? order by item_order 
2025-08-24 22:19:48.943 DEBUG 21592 --- [XNIO-1 task-88] r.c.m.x.r.S.getSubjectByLevel            : ==> Parameters: 1(Integer)
2025-08-24 22:19:48.944 DEBUG 21592 --- [XNIO-1 task-88] r.c.m.x.r.S.getSubjectByLevel            : <==      Total: 0
2025-08-24 22:19:49.848 DEBUG 21592 --- [XNIO-1 task-89] r.c.m.x.r.UserMapper.getUserByUserName   : ==>  Preparing: select id, user_uuid, user_name, password, real_name, age, sex, birth_day, user_level, phone, role, status, image_path, create_time, modify_time, last_active_time, deleted, wx_open_id from t_user where deleted=0 and user_name=? limit 1 
2025-08-24 22:19:49.848 DEBUG 21592 --- [XNIO-1 task-90] r.c.m.x.r.UserMapper.getUserByUserName   : ==>  Preparing: select id, user_uuid, user_name, password, real_name, age, sex, birth_day, user_level, phone, role, status, image_path, create_time, modify_time, last_active_time, deleted, wx_open_id from t_user where deleted=0 and user_name=? limit 1 
2025-08-24 22:19:49.849 DEBUG 21592 --- [XNIO-1 task-89] r.c.m.x.r.UserMapper.getUserByUserName   : ==> Parameters: student(String)
2025-08-24 22:19:49.849 DEBUG 21592 --- [XNIO-1 task-90] r.c.m.x.r.UserMapper.getUserByUserName   : ==> Parameters: student(String)
2025-08-24 22:19:49.851 DEBUG 21592 --- [XNIO-1 task-89] r.c.m.x.r.UserMapper.getUserByUserName   : <==      Total: 1
2025-08-24 22:19:49.851 DEBUG 21592 --- [XNIO-1 task-90] r.c.m.x.r.UserMapper.getUserByUserName   : <==      Total: 1
2025-08-24 22:19:49.851 DEBUG 21592 --- [XNIO-1 task-89] r.c.m.x.r.T.getByGradeLevel              : ==>  Preparing: select id, title, grade_level, frame_text_content_id, create_user, create_time, deleted, create_user_name from t_task_exam where deleted=0 and grade_level = ? 
2025-08-24 22:19:49.852 DEBUG 21592 --- [XNIO-1 task-90] r.c.m.x.r.ExamPaperMapper.indexPaper     : ==>  Preparing: SELECT id,name,limit_start_time,limit_end_time FROM t_exam_paper WHERE deleted=0 and paper_type= ? and grade_level=? ORDER BY id desc limit 5 
2025-08-24 22:19:49.852 DEBUG 21592 --- [XNIO-1 task-89] r.c.m.x.r.T.getByGradeLevel              : ==> Parameters: 1(Integer)
2025-08-24 22:19:49.852 DEBUG 21592 --- [XNIO-1 task-90] r.c.m.x.r.ExamPaperMapper.indexPaper     : ==> Parameters: 1(Integer), 1(Integer)
2025-08-24 22:19:49.853 DEBUG 21592 --- [XNIO-1 task-90] r.c.m.x.r.ExamPaperMapper.indexPaper     : <==      Total: 0
2025-08-24 22:19:49.853 DEBUG 21592 --- [XNIO-1 task-89] r.c.m.x.r.T.getByGradeLevel              : <==      Total: 0
2025-08-24 22:19:49.853 DEBUG 21592 --- [XNIO-1 task-90] r.c.m.x.r.ExamPaperMapper.indexPaper     : ==>  Preparing: SELECT id,name,limit_start_time,limit_end_time FROM t_exam_paper WHERE deleted=0 and paper_type= ? and grade_level=? and ? between limit_start_time and limit_end_time ORDER BY id desc limit 5 
2025-08-24 22:19:49.854 DEBUG 21592 --- [XNIO-1 task-90] r.c.m.x.r.ExamPaperMapper.indexPaper     : ==> Parameters: 4(Integer), 1(Integer), 2025-08-24 22:19:49.853(Timestamp)
2025-08-24 22:19:49.855 DEBUG 21592 --- [XNIO-1 task-90] r.c.m.x.r.ExamPaperMapper.indexPaper     : <==      Total: 0
2025-08-24 22:19:51.345 DEBUG 21592 --- [XNIO-1 task-91] r.c.m.x.r.UserMapper.getUserByUserName   : ==>  Preparing: select id, user_uuid, user_name, password, real_name, age, sex, birth_day, user_level, phone, role, status, image_path, create_time, modify_time, last_active_time, deleted, wx_open_id from t_user where deleted=0 and user_name=? limit 1 
2025-08-24 22:19:51.346 DEBUG 21592 --- [XNIO-1 task-91] r.c.m.x.r.UserMapper.getUserByUserName   : ==> Parameters: student(String)
2025-08-24 22:19:51.348 DEBUG 21592 --- [XNIO-1 task-91] r.c.m.x.r.UserMapper.getUserByUserName   : <==      Total: 1
2025-08-24 22:19:51.350 DEBUG 21592 --- [XNIO-1 task-91] r.c.m.x.r.E.studentPage_COUNT            : ==>  Preparing: SELECT count(0) FROM t_exam_paper_answer WHERE create_user = ? 
2025-08-24 22:19:51.352 DEBUG 21592 --- [XNIO-1 task-91] r.c.m.x.r.E.studentPage_COUNT            : ==> Parameters: 1(Integer)
2025-08-24 22:19:51.353 DEBUG 21592 --- [XNIO-1 task-91] r.c.m.x.r.E.studentPage_COUNT            : <==      Total: 1
2025-08-24 22:19:51.939 DEBUG 21592 --- [XNIO-1 task-93] r.c.m.x.r.UserMapper.getUserByUserName   : ==>  Preparing: select id, user_uuid, user_name, password, real_name, age, sex, birth_day, user_level, phone, role, status, image_path, create_time, modify_time, last_active_time, deleted, wx_open_id from t_user where deleted=0 and user_name=? limit 1 
2025-08-24 22:19:51.939 DEBUG 21592 --- [XNIO-1 task-92] r.c.m.x.r.UserMapper.getUserByUserName   : ==>  Preparing: select id, user_uuid, user_name, password, real_name, age, sex, birth_day, user_level, phone, role, status, image_path, create_time, modify_time, last_active_time, deleted, wx_open_id from t_user where deleted=0 and user_name=? limit 1 
2025-08-24 22:19:51.939 DEBUG 21592 --- [XNIO-1 task-93] r.c.m.x.r.UserMapper.getUserByUserName   : ==> Parameters: student(String)
2025-08-24 22:19:51.939 DEBUG 21592 --- [XNIO-1 task-92] r.c.m.x.r.UserMapper.getUserByUserName   : ==> Parameters: student(String)
2025-08-24 22:19:51.941 DEBUG 21592 --- [XNIO-1 task-92] r.c.m.x.r.UserMapper.getUserByUserName   : <==      Total: 1
2025-08-24 22:19:51.941 DEBUG 21592 --- [XNIO-1 task-93] r.c.m.x.r.UserMapper.getUserByUserName   : <==      Total: 1
2025-08-24 22:19:51.942 DEBUG 21592 --- [XNIO-1 task-92] r.c.m.x.r.T.getByGradeLevel              : ==>  Preparing: select id, title, grade_level, frame_text_content_id, create_user, create_time, deleted, create_user_name from t_task_exam where deleted=0 and grade_level = ? 
2025-08-24 22:19:51.942 DEBUG 21592 --- [XNIO-1 task-93] r.c.m.x.r.ExamPaperMapper.indexPaper     : ==>  Preparing: SELECT id,name,limit_start_time,limit_end_time FROM t_exam_paper WHERE deleted=0 and paper_type= ? and grade_level=? ORDER BY id desc limit 5 
2025-08-24 22:19:51.942 DEBUG 21592 --- [XNIO-1 task-92] r.c.m.x.r.T.getByGradeLevel              : ==> Parameters: 1(Integer)
2025-08-24 22:19:51.943 DEBUG 21592 --- [XNIO-1 task-93] r.c.m.x.r.ExamPaperMapper.indexPaper     : ==> Parameters: 1(Integer), 1(Integer)
2025-08-24 22:19:51.944 DEBUG 21592 --- [XNIO-1 task-92] r.c.m.x.r.T.getByGradeLevel              : <==      Total: 0
2025-08-24 22:19:51.944 DEBUG 21592 --- [XNIO-1 task-93] r.c.m.x.r.ExamPaperMapper.indexPaper     : <==      Total: 0
2025-08-24 22:19:51.946 DEBUG 21592 --- [XNIO-1 task-93] r.c.m.x.r.ExamPaperMapper.indexPaper     : ==>  Preparing: SELECT id,name,limit_start_time,limit_end_time FROM t_exam_paper WHERE deleted=0 and paper_type= ? and grade_level=? and ? between limit_start_time and limit_end_time ORDER BY id desc limit 5 
2025-08-24 22:19:51.947 DEBUG 21592 --- [XNIO-1 task-93] r.c.m.x.r.ExamPaperMapper.indexPaper     : ==> Parameters: 4(Integer), 1(Integer), 2025-08-24 22:19:51.946(Timestamp)
2025-08-24 22:19:51.947 DEBUG 21592 --- [XNIO-1 task-93] r.c.m.x.r.ExamPaperMapper.indexPaper     : <==      Total: 0
2025-08-24 22:27:14.760 ERROR 21592 --- [XNIO-1 task-96] c.m.x.c.s.exception.ExceptionHandle      : Request method 'GET' not supported

org.springframework.web.HttpRequestMethodNotSupportedException: Request method 'GET' not supported
	at org.springframework.web.servlet.mvc.method.RequestMappingInfoHandlerMapping.handleNoMatch(RequestMappingInfoHandlerMapping.java:200)
	at org.springframework.web.servlet.handler.AbstractHandlerMethodMapping.lookupHandlerMethod(AbstractHandlerMethodMapping.java:419)
	at org.springframework.web.servlet.handler.AbstractHandlerMethodMapping.getHandlerInternal(AbstractHandlerMethodMapping.java:365)
	at org.springframework.web.servlet.handler.AbstractHandlerMethodMapping.getHandlerInternal(AbstractHandlerMethodMapping.java:65)
	at org.springframework.web.servlet.handler.AbstractHandlerMapping.getHandler(AbstractHandlerMapping.java:401)
	at org.springframework.web.servlet.DispatcherServlet.getHandler(DispatcherServlet.java:1232)
	at org.springframework.web.servlet.DispatcherServlet.doDispatch(DispatcherServlet.java:1015)
	at org.springframework.web.servlet.DispatcherServlet.doService(DispatcherServlet.java:942)
	at org.springframework.web.servlet.FrameworkServlet.processRequest(FrameworkServlet.java:1005)
	at org.springframework.web.servlet.FrameworkServlet.doGet(FrameworkServlet.java:897)
	at javax.servlet.http.HttpServlet.service(HttpServlet.java:645)
	at org.springframework.web.servlet.FrameworkServlet.service(FrameworkServlet.java:882)
	at javax.servlet.http.HttpServlet.service(HttpServlet.java:750)
	at io.undertow.servlet.handlers.ServletHandler.handleRequest(ServletHandler.java:74)
	at io.undertow.servlet.handlers.FilterHandler$FilterChainImpl.doFilter(FilterHandler.java:129)
	at org.springframework.security.web.authentication.AbstractAuthenticationProcessingFilter.doFilter(AbstractAuthenticationProcessingFilter.java:200)
	at io.undertow.servlet.core.ManagedFilter.doFilter(ManagedFilter.java:61)
	at io.undertow.servlet.handlers.FilterHandler$FilterChainImpl.doFilter(FilterHandler.java:131)
	at org.springframework.security.web.FilterChainProxy$VirtualFilterChain.doFilter(FilterChainProxy.java:320)
	at org.springframework.security.web.access.intercept.FilterSecurityInterceptor.invoke(FilterSecurityInterceptor.java:127)
	at org.springframework.security.web.access.intercept.FilterSecurityInterceptor.doFilter(FilterSecurityInterceptor.java:91)
	at org.springframework.security.web.FilterChainProxy$VirtualFilterChain.doFilter(FilterChainProxy.java:334)
	at org.springframework.security.web.access.ExceptionTranslationFilter.doFilter(ExceptionTranslationFilter.java:119)
	at org.springframework.security.web.FilterChainProxy$VirtualFilterChain.doFilter(FilterChainProxy.java:334)
	at org.springframework.security.web.session.SessionManagementFilter.doFilter(SessionManagementFilter.java:137)
	at org.springframework.security.web.FilterChainProxy$VirtualFilterChain.doFilter(FilterChainProxy.java:334)
	at org.springframework.security.web.authentication.AnonymousAuthenticationFilter.doFilter(AnonymousAuthenticationFilter.java:111)
	at org.springframework.security.web.FilterChainProxy$VirtualFilterChain.doFilter(FilterChainProxy.java:334)
	at org.springframework.security.web.authentication.rememberme.RememberMeAuthenticationFilter.doFilter(RememberMeAuthenticationFilter.java:158)
	at org.springframework.security.web.FilterChainProxy$VirtualFilterChain.doFilter(FilterChainProxy.java:334)
	at org.springframework.security.web.servletapi.SecurityContextHolderAwareRequestFilter.doFilter(SecurityContextHolderAwareRequestFilter.java:170)
	at org.springframework.security.web.FilterChainProxy$VirtualFilterChain.doFilter(FilterChainProxy.java:334)
	at org.springframework.security.web.savedrequest.RequestCacheAwareFilter.doFilter(RequestCacheAwareFilter.java:63)
	at org.springframework.security.web.FilterChainProxy$VirtualFilterChain.doFilter(FilterChainProxy.java:334)
	at org.springframework.security.web.authentication.AbstractAuthenticationProcessingFilter.doFilter(AbstractAuthenticationProcessingFilter.java:200)
	at org.springframework.security.web.FilterChainProxy$VirtualFilterChain.doFilter(FilterChainProxy.java:334)
	at org.springframework.security.web.authentication.AbstractAuthenticationProcessingFilter.doFilter(AbstractAuthenticationProcessingFilter.java:200)
	at org.springframework.security.web.FilterChainProxy$VirtualFilterChain.doFilter(FilterChainProxy.java:334)
	at org.springframework.security.web.authentication.logout.LogoutFilter.doFilter(LogoutFilter.java:116)
	at org.springframework.security.web.FilterChainProxy$VirtualFilterChain.doFilter(FilterChainProxy.java:334)
	at org.springframework.web.filter.CorsFilter.doFilterInternal(CorsFilter.java:96)
	at org.springframework.web.filter.OncePerRequestFilter.doFilter(OncePerRequestFilter.java:109)
	at org.springframework.security.web.FilterChainProxy$VirtualFilterChain.doFilter(FilterChainProxy.java:334)
	at org.springframework.security.web.header.HeaderWriterFilter.doFilterInternal(HeaderWriterFilter.java:74)
	at org.springframework.web.filter.OncePerRequestFilter.doFilter(OncePerRequestFilter.java:109)
	at org.springframework.security.web.FilterChainProxy$VirtualFilterChain.doFilter(FilterChainProxy.java:334)
	at org.springframework.security.web.context.SecurityContextPersistenceFilter.doFilter(SecurityContextPersistenceFilter.java:105)
	at org.springframework.security.web.FilterChainProxy$VirtualFilterChain.doFilter(FilterChainProxy.java:334)
	at org.springframework.security.web.context.request.async.WebAsyncManagerIntegrationFilter.doFilterInternal(WebAsyncManagerIntegrationFilter.java:56)
	at org.springframework.web.filter.OncePerRequestFilter.doFilter(OncePerRequestFilter.java:109)
	at org.springframework.security.web.FilterChainProxy$VirtualFilterChain.doFilter(FilterChainProxy.java:334)
	at org.springframework.security.web.FilterChainProxy.doFilterInternal(FilterChainProxy.java:215)
	at org.springframework.security.web.FilterChainProxy.doFilter(FilterChainProxy.java:178)
	at org.springframework.web.filter.DelegatingFilterProxy.invokeDelegate(DelegatingFilterProxy.java:357)
	at org.springframework.web.filter.DelegatingFilterProxy.doFilter(DelegatingFilterProxy.java:270)
	at io.undertow.servlet.core.ManagedFilter.doFilter(ManagedFilter.java:61)
	at io.undertow.servlet.handlers.FilterHandler$FilterChainImpl.doFilter(FilterHandler.java:131)
	at org.springframework.web.filter.CharacterEncodingFilter.doFilterInternal(CharacterEncodingFilter.java:200)
	at org.springframework.web.filter.OncePerRequestFilter.doFilter(OncePerRequestFilter.java:109)
	at io.undertow.servlet.core.ManagedFilter.doFilter(ManagedFilter.java:61)
	at io.undertow.servlet.handlers.FilterHandler$FilterChainImpl.doFilter(FilterHandler.java:131)
	at io.undertow.servlet.handlers.FilterHandler.handleRequest(FilterHandler.java:84)
	at io.undertow.servlet.handlers.security.ServletSecurityRoleHandler.handleRequest(ServletSecurityRoleHandler.java:62)
	at io.undertow.servlet.handlers.ServletChain$1.handleRequest(ServletChain.java:68)
	at io.undertow.servlet.handlers.ServletDispatchingHandler.handleRequest(ServletDispatchingHandler.java:36)
	at io.undertow.servlet.handlers.security.SSLInformationAssociationHandler.handleRequest(SSLInformationAssociationHandler.java:132)
	at io.undertow.servlet.handlers.security.ServletAuthenticationCallHandler.handleRequest(ServletAuthenticationCallHandler.java:57)
	at io.undertow.server.handlers.PredicateHandler.handleRequest(PredicateHandler.java:43)
	at io.undertow.security.handlers.AbstractConfidentialityHandler.handleRequest(AbstractConfidentialityHandler.java:46)
	at io.undertow.servlet.handlers.security.ServletConfidentialityConstraintHandler.handleRequest(ServletConfidentialityConstraintHandler.java:64)
	at io.undertow.security.handlers.AuthenticationMechanismsHandler.handleRequest(AuthenticationMechanismsHandler.java:60)
	at io.undertow.servlet.handlers.security.CachedAuthenticatedSessionHandler.handleRequest(CachedAuthenticatedSessionHandler.java:77)
	at io.undertow.security.handlers.AbstractSecurityContextAssociationHandler.handleRequest(AbstractSecurityContextAssociationHandler.java:43)
	at io.undertow.server.handlers.PredicateHandler.handleRequest(PredicateHandler.java:43)
	at io.undertow.server.handlers.PredicateHandler.handleRequest(PredicateHandler.java:43)
	at io.undertow.servlet.handlers.ServletInitialHandler.handleFirstRequest(ServletInitialHandler.java:292)
	at io.undertow.servlet.handlers.ServletInitialHandler.access$100(ServletInitialHandler.java:81)
	at io.undertow.servlet.handlers.ServletInitialHandler$2.call(ServletInitialHandler.java:138)
	at io.undertow.servlet.handlers.ServletInitialHandler$2.call(ServletInitialHandler.java:135)
	at io.undertow.servlet.core.ServletRequestContextThreadSetupAction$1.call(ServletRequestContextThreadSetupAction.java:48)
	at io.undertow.servlet.core.ContextClassLoaderSetupAction$1.call(ContextClassLoaderSetupAction.java:43)
	at io.undertow.servlet.handlers.ServletInitialHandler.dispatchRequest(ServletInitialHandler.java:272)
	at io.undertow.servlet.handlers.ServletInitialHandler.access$000(ServletInitialHandler.java:81)
	at io.undertow.servlet.handlers.ServletInitialHandler$1.handleRequest(ServletInitialHandler.java:104)
	at io.undertow.server.Connectors.executeRootHandler(Connectors.java:364)
	at io.undertow.server.HttpServerExchange$1.run(HttpServerExchange.java:830)
	at java.util.concurrent.ThreadPoolExecutor.runWorker(ThreadPoolExecutor.java:1149)
	at java.util.concurrent.ThreadPoolExecutor$Worker.run(ThreadPoolExecutor.java:624)
	at java.lang.Thread.run(Thread.java:750)

2025-08-24 22:27:47.892 ERROR 21592 --- [XNIO-1 task-100] c.m.x.c.s.exception.ExceptionHandle      : Request method 'GET' not supported

org.springframework.web.HttpRequestMethodNotSupportedException: Request method 'GET' not supported
	at org.springframework.web.servlet.mvc.method.RequestMappingInfoHandlerMapping.handleNoMatch(RequestMappingInfoHandlerMapping.java:200)
	at org.springframework.web.servlet.handler.AbstractHandlerMethodMapping.lookupHandlerMethod(AbstractHandlerMethodMapping.java:419)
	at org.springframework.web.servlet.handler.AbstractHandlerMethodMapping.getHandlerInternal(AbstractHandlerMethodMapping.java:365)
	at org.springframework.web.servlet.handler.AbstractHandlerMethodMapping.getHandlerInternal(AbstractHandlerMethodMapping.java:65)
	at org.springframework.web.servlet.handler.AbstractHandlerMapping.getHandler(AbstractHandlerMapping.java:401)
	at org.springframework.web.servlet.DispatcherServlet.getHandler(DispatcherServlet.java:1232)
	at org.springframework.web.servlet.DispatcherServlet.doDispatch(DispatcherServlet.java:1015)
	at org.springframework.web.servlet.DispatcherServlet.doService(DispatcherServlet.java:942)
	at org.springframework.web.servlet.FrameworkServlet.processRequest(FrameworkServlet.java:1005)
	at org.springframework.web.servlet.FrameworkServlet.doGet(FrameworkServlet.java:897)
	at javax.servlet.http.HttpServlet.service(HttpServlet.java:645)
	at org.springframework.web.servlet.FrameworkServlet.service(FrameworkServlet.java:882)
	at javax.servlet.http.HttpServlet.service(HttpServlet.java:750)
	at io.undertow.servlet.handlers.ServletHandler.handleRequest(ServletHandler.java:74)
	at io.undertow.servlet.handlers.FilterHandler$FilterChainImpl.doFilter(FilterHandler.java:129)
	at org.springframework.security.web.authentication.AbstractAuthenticationProcessingFilter.doFilter(AbstractAuthenticationProcessingFilter.java:200)
	at io.undertow.servlet.core.ManagedFilter.doFilter(ManagedFilter.java:61)
	at io.undertow.servlet.handlers.FilterHandler$FilterChainImpl.doFilter(FilterHandler.java:131)
	at org.springframework.security.web.FilterChainProxy$VirtualFilterChain.doFilter(FilterChainProxy.java:320)
	at org.springframework.security.web.access.intercept.FilterSecurityInterceptor.invoke(FilterSecurityInterceptor.java:127)
	at org.springframework.security.web.access.intercept.FilterSecurityInterceptor.doFilter(FilterSecurityInterceptor.java:91)
	at org.springframework.security.web.FilterChainProxy$VirtualFilterChain.doFilter(FilterChainProxy.java:334)
	at org.springframework.security.web.access.ExceptionTranslationFilter.doFilter(ExceptionTranslationFilter.java:119)
	at org.springframework.security.web.FilterChainProxy$VirtualFilterChain.doFilter(FilterChainProxy.java:334)
	at org.springframework.security.web.session.SessionManagementFilter.doFilter(SessionManagementFilter.java:137)
	at org.springframework.security.web.FilterChainProxy$VirtualFilterChain.doFilter(FilterChainProxy.java:334)
	at org.springframework.security.web.authentication.AnonymousAuthenticationFilter.doFilter(AnonymousAuthenticationFilter.java:111)
	at org.springframework.security.web.FilterChainProxy$VirtualFilterChain.doFilter(FilterChainProxy.java:334)
	at org.springframework.security.web.authentication.rememberme.RememberMeAuthenticationFilter.doFilter(RememberMeAuthenticationFilter.java:158)
	at org.springframework.security.web.FilterChainProxy$VirtualFilterChain.doFilter(FilterChainProxy.java:334)
	at org.springframework.security.web.servletapi.SecurityContextHolderAwareRequestFilter.doFilter(SecurityContextHolderAwareRequestFilter.java:170)
	at org.springframework.security.web.FilterChainProxy$VirtualFilterChain.doFilter(FilterChainProxy.java:334)
	at org.springframework.security.web.savedrequest.RequestCacheAwareFilter.doFilter(RequestCacheAwareFilter.java:63)
	at org.springframework.security.web.FilterChainProxy$VirtualFilterChain.doFilter(FilterChainProxy.java:334)
	at org.springframework.security.web.authentication.AbstractAuthenticationProcessingFilter.doFilter(AbstractAuthenticationProcessingFilter.java:200)
	at org.springframework.security.web.FilterChainProxy$VirtualFilterChain.doFilter(FilterChainProxy.java:334)
	at org.springframework.security.web.authentication.AbstractAuthenticationProcessingFilter.doFilter(AbstractAuthenticationProcessingFilter.java:200)
	at org.springframework.security.web.FilterChainProxy$VirtualFilterChain.doFilter(FilterChainProxy.java:334)
	at org.springframework.security.web.authentication.logout.LogoutFilter.doFilter(LogoutFilter.java:116)
	at org.springframework.security.web.FilterChainProxy$VirtualFilterChain.doFilter(FilterChainProxy.java:334)
	at org.springframework.web.filter.CorsFilter.doFilterInternal(CorsFilter.java:96)
	at org.springframework.web.filter.OncePerRequestFilter.doFilter(OncePerRequestFilter.java:109)
	at org.springframework.security.web.FilterChainProxy$VirtualFilterChain.doFilter(FilterChainProxy.java:334)
	at org.springframework.security.web.header.HeaderWriterFilter.doFilterInternal(HeaderWriterFilter.java:74)
	at org.springframework.web.filter.OncePerRequestFilter.doFilter(OncePerRequestFilter.java:109)
	at org.springframework.security.web.FilterChainProxy$VirtualFilterChain.doFilter(FilterChainProxy.java:334)
	at org.springframework.security.web.context.SecurityContextPersistenceFilter.doFilter(SecurityContextPersistenceFilter.java:105)
	at org.springframework.security.web.FilterChainProxy$VirtualFilterChain.doFilter(FilterChainProxy.java:334)
	at org.springframework.security.web.context.request.async.WebAsyncManagerIntegrationFilter.doFilterInternal(WebAsyncManagerIntegrationFilter.java:56)
	at org.springframework.web.filter.OncePerRequestFilter.doFilter(OncePerRequestFilter.java:109)
	at org.springframework.security.web.FilterChainProxy$VirtualFilterChain.doFilter(FilterChainProxy.java:334)
	at org.springframework.security.web.FilterChainProxy.doFilterInternal(FilterChainProxy.java:215)
	at org.springframework.security.web.FilterChainProxy.doFilter(FilterChainProxy.java:178)
	at org.springframework.web.filter.DelegatingFilterProxy.invokeDelegate(DelegatingFilterProxy.java:357)
	at org.springframework.web.filter.DelegatingFilterProxy.doFilter(DelegatingFilterProxy.java:270)
	at io.undertow.servlet.core.ManagedFilter.doFilter(ManagedFilter.java:61)
	at io.undertow.servlet.handlers.FilterHandler$FilterChainImpl.doFilter(FilterHandler.java:131)
	at org.springframework.web.filter.CharacterEncodingFilter.doFilterInternal(CharacterEncodingFilter.java:200)
	at org.springframework.web.filter.OncePerRequestFilter.doFilter(OncePerRequestFilter.java:109)
	at io.undertow.servlet.core.ManagedFilter.doFilter(ManagedFilter.java:61)
	at io.undertow.servlet.handlers.FilterHandler$FilterChainImpl.doFilter(FilterHandler.java:131)
	at io.undertow.servlet.handlers.FilterHandler.handleRequest(FilterHandler.java:84)
	at io.undertow.servlet.handlers.security.ServletSecurityRoleHandler.handleRequest(ServletSecurityRoleHandler.java:62)
	at io.undertow.servlet.handlers.ServletChain$1.handleRequest(ServletChain.java:68)
	at io.undertow.servlet.handlers.ServletDispatchingHandler.handleRequest(ServletDispatchingHandler.java:36)
	at io.undertow.servlet.handlers.security.SSLInformationAssociationHandler.handleRequest(SSLInformationAssociationHandler.java:132)
	at io.undertow.servlet.handlers.security.ServletAuthenticationCallHandler.handleRequest(ServletAuthenticationCallHandler.java:57)
	at io.undertow.server.handlers.PredicateHandler.handleRequest(PredicateHandler.java:43)
	at io.undertow.security.handlers.AbstractConfidentialityHandler.handleRequest(AbstractConfidentialityHandler.java:46)
	at io.undertow.servlet.handlers.security.ServletConfidentialityConstraintHandler.handleRequest(ServletConfidentialityConstraintHandler.java:64)
	at io.undertow.security.handlers.AuthenticationMechanismsHandler.handleRequest(AuthenticationMechanismsHandler.java:60)
	at io.undertow.servlet.handlers.security.CachedAuthenticatedSessionHandler.handleRequest(CachedAuthenticatedSessionHandler.java:77)
	at io.undertow.security.handlers.AbstractSecurityContextAssociationHandler.handleRequest(AbstractSecurityContextAssociationHandler.java:43)
	at io.undertow.server.handlers.PredicateHandler.handleRequest(PredicateHandler.java:43)
	at io.undertow.server.handlers.PredicateHandler.handleRequest(PredicateHandler.java:43)
	at io.undertow.servlet.handlers.ServletInitialHandler.handleFirstRequest(ServletInitialHandler.java:292)
	at io.undertow.servlet.handlers.ServletInitialHandler.access$100(ServletInitialHandler.java:81)
	at io.undertow.servlet.handlers.ServletInitialHandler$2.call(ServletInitialHandler.java:138)
	at io.undertow.servlet.handlers.ServletInitialHandler$2.call(ServletInitialHandler.java:135)
	at io.undertow.servlet.core.ServletRequestContextThreadSetupAction$1.call(ServletRequestContextThreadSetupAction.java:48)
	at io.undertow.servlet.core.ContextClassLoaderSetupAction$1.call(ContextClassLoaderSetupAction.java:43)
	at io.undertow.servlet.handlers.ServletInitialHandler.dispatchRequest(ServletInitialHandler.java:272)
	at io.undertow.servlet.handlers.ServletInitialHandler.access$000(ServletInitialHandler.java:81)
	at io.undertow.servlet.handlers.ServletInitialHandler$1.handleRequest(ServletInitialHandler.java:104)
	at io.undertow.server.Connectors.executeRootHandler(Connectors.java:364)
	at io.undertow.server.HttpServerExchange$1.run(HttpServerExchange.java:830)
	at java.util.concurrent.ThreadPoolExecutor.runWorker(ThreadPoolExecutor.java:1149)
	at java.util.concurrent.ThreadPoolExecutor$Worker.run(ThreadPoolExecutor.java:624)
	at java.lang.Thread.run(Thread.java:750)

2025-08-24 22:28:20.322 DEBUG 21592 --- [XNIO-1 task-106] r.c.m.x.r.UserMapper.getUserByUserName   : ==>  Preparing: select id, user_uuid, user_name, password, real_name, age, sex, birth_day, user_level, phone, role, status, image_path, create_time, modify_time, last_active_time, deleted, wx_open_id from t_user where deleted=0 and user_name=? limit 1 
2025-08-24 22:28:20.322 DEBUG 21592 --- [XNIO-1 task-106] r.c.m.x.r.UserMapper.getUserByUserName   : ==> Parameters: student(String)
2025-08-24 22:28:20.324 DEBUG 21592 --- [XNIO-1 task-106] r.c.m.x.r.UserMapper.getUserByUserName   : <==      Total: 1
2025-08-24 22:28:20.325 DEBUG 21592 --- [XNIO-1 task-106] r.c.m.x.r.S.getSubjectByLevel            : ==>  Preparing: select id, name, level, level_name, item_order, deleted from t_subject where level= ? order by item_order 
2025-08-24 22:28:20.325 DEBUG 21592 --- [XNIO-1 task-106] r.c.m.x.r.S.getSubjectByLevel            : ==> Parameters: 1(Integer)
2025-08-24 22:28:20.326 DEBUG 21592 --- [XNIO-1 task-106] r.c.m.x.r.S.getSubjectByLevel            : <==      Total: 0
2025-08-24 22:28:21.175 DEBUG 21592 --- [XNIO-1 task-108] r.c.m.x.r.UserMapper.getUserByUserName   : ==>  Preparing: select id, user_uuid, user_name, password, real_name, age, sex, birth_day, user_level, phone, role, status, image_path, create_time, modify_time, last_active_time, deleted, wx_open_id from t_user where deleted=0 and user_name=? limit 1 
2025-08-24 22:28:21.175 DEBUG 21592 --- [XNIO-1 task-107] r.c.m.x.r.UserMapper.getUserByUserName   : ==>  Preparing: select id, user_uuid, user_name, password, real_name, age, sex, birth_day, user_level, phone, role, status, image_path, create_time, modify_time, last_active_time, deleted, wx_open_id from t_user where deleted=0 and user_name=? limit 1 
2025-08-24 22:28:21.176 DEBUG 21592 --- [XNIO-1 task-108] r.c.m.x.r.UserMapper.getUserByUserName   : ==> Parameters: student(String)
2025-08-24 22:28:21.176 DEBUG 21592 --- [XNIO-1 task-107] r.c.m.x.r.UserMapper.getUserByUserName   : ==> Parameters: student(String)
2025-08-24 22:28:21.177 DEBUG 21592 --- [XNIO-1 task-108] r.c.m.x.r.UserMapper.getUserByUserName   : <==      Total: 1
2025-08-24 22:28:21.177 DEBUG 21592 --- [XNIO-1 task-107] r.c.m.x.r.UserMapper.getUserByUserName   : <==      Total: 1
2025-08-24 22:28:21.178 DEBUG 21592 --- [XNIO-1 task-107] r.c.m.x.r.T.getByGradeLevel              : ==>  Preparing: select id, title, grade_level, frame_text_content_id, create_user, create_time, deleted, create_user_name from t_task_exam where deleted=0 and grade_level = ? 
2025-08-24 22:28:21.178 DEBUG 21592 --- [XNIO-1 task-108] r.c.m.x.r.ExamPaperMapper.indexPaper     : ==>  Preparing: SELECT id,name,limit_start_time,limit_end_time FROM t_exam_paper WHERE deleted=0 and paper_type= ? and grade_level=? ORDER BY id desc limit 5 
2025-08-24 22:28:21.178 DEBUG 21592 --- [XNIO-1 task-107] r.c.m.x.r.T.getByGradeLevel              : ==> Parameters: 1(Integer)
2025-08-24 22:28:21.179 DEBUG 21592 --- [XNIO-1 task-108] r.c.m.x.r.ExamPaperMapper.indexPaper     : ==> Parameters: 1(Integer), 1(Integer)
2025-08-24 22:28:21.179 DEBUG 21592 --- [XNIO-1 task-107] r.c.m.x.r.T.getByGradeLevel              : <==      Total: 0
2025-08-24 22:28:21.179 DEBUG 21592 --- [XNIO-1 task-108] r.c.m.x.r.ExamPaperMapper.indexPaper     : <==      Total: 0
2025-08-24 22:28:21.180 DEBUG 21592 --- [XNIO-1 task-108] r.c.m.x.r.ExamPaperMapper.indexPaper     : ==>  Preparing: SELECT id,name,limit_start_time,limit_end_time FROM t_exam_paper WHERE deleted=0 and paper_type= ? and grade_level=? and ? between limit_start_time and limit_end_time ORDER BY id desc limit 5 
2025-08-24 22:28:21.181 DEBUG 21592 --- [XNIO-1 task-108] r.c.m.x.r.ExamPaperMapper.indexPaper     : ==> Parameters: 4(Integer), 1(Integer), 2025-08-24 22:28:21.179(Timestamp)
2025-08-24 22:28:21.181 DEBUG 21592 --- [XNIO-1 task-108] r.c.m.x.r.ExamPaperMapper.indexPaper     : <==      Total: 0
2025-08-24 22:29:25.541 DEBUG 21592 --- [XNIO-1 task-113] r.c.m.x.r.UserMapper.getUserByUserName   : ==>  Preparing: select id, user_uuid, user_name, password, real_name, age, sex, birth_day, user_level, phone, role, status, image_path, create_time, modify_time, last_active_time, deleted, wx_open_id from t_user where deleted=0 and user_name=? limit 1 
2025-08-24 22:29:25.541 DEBUG 21592 --- [XNIO-1 task-113] r.c.m.x.r.UserMapper.getUserByUserName   : ==> Parameters: student(String)
2025-08-24 22:29:25.541 DEBUG 21592 --- [XNIO-1 task-113] r.c.m.x.r.UserMapper.getUserByUserName   : <==      Total: 1
2025-08-24 22:29:25.541 DEBUG 21592 --- [XNIO-1 task-113] r.c.m.x.r.UserMapper.getUserByUserName   : ==>  Preparing: select id, user_uuid, user_name, password, real_name, age, sex, birth_day, user_level, phone, role, status, image_path, create_time, modify_time, last_active_time, deleted, wx_open_id from t_user where deleted=0 and user_name=? limit 1 
2025-08-24 22:29:25.541 DEBUG 21592 --- [XNIO-1 task-113] r.c.m.x.r.UserMapper.getUserByUserName   : ==> Parameters: student(String)
2025-08-24 22:29:25.547 DEBUG 21592 --- [XNIO-1 task-113] r.c.m.x.r.UserMapper.getUserByUserName   : <==      Total: 1
2025-08-24 22:29:25.548 DEBUG 21592 --- [XNIO-1 task-113] r.c.m.x.r.U.insertSelective              : ==>  Preparing: insert into t_user_event_log ( user_id, user_name, real_name, content, create_time ) values ( ?, ?, ?, ?, ? ) 
2025-08-24 22:29:25.548 DEBUG 21592 --- [XNIO-1 task-113] r.c.m.x.r.U.insertSelective              : ==> Parameters: 1(Integer), student(String), 学生(String), student 登录了学之思开源考试系统(String), 2025-08-24 22:29:25.548(Timestamp)
2025-08-24 22:29:25.548 DEBUG 21592 --- [XNIO-1 task-113] r.c.m.x.r.U.insertSelective              : <==    Updates: 1
2025-08-24 22:29:25.583 DEBUG 21592 --- [XNIO-1 task-115] r.c.m.x.r.UserMapper.getUserByUserName   : ==>  Preparing: select id, user_uuid, user_name, password, real_name, age, sex, birth_day, user_level, phone, role, status, image_path, create_time, modify_time, last_active_time, deleted, wx_open_id from t_user where deleted=0 and user_name=? limit 1 
2025-08-24 22:29:25.583 DEBUG 21592 --- [XNIO-1 task-114] r.c.m.x.r.UserMapper.getUserByUserName   : ==>  Preparing: select id, user_uuid, user_name, password, real_name, age, sex, birth_day, user_level, phone, role, status, image_path, create_time, modify_time, last_active_time, deleted, wx_open_id from t_user where deleted=0 and user_name=? limit 1 
2025-08-24 22:29:25.584 DEBUG 21592 --- [XNIO-1 task-115] r.c.m.x.r.UserMapper.getUserByUserName   : ==> Parameters: student(String)
2025-08-24 22:29:25.584 DEBUG 21592 --- [XNIO-1 task-114] r.c.m.x.r.UserMapper.getUserByUserName   : ==> Parameters: student(String)
2025-08-24 22:29:25.586 DEBUG 21592 --- [XNIO-1 task-115] r.c.m.x.r.UserMapper.getUserByUserName   : <==      Total: 1
2025-08-24 22:29:25.587 DEBUG 21592 --- [XNIO-1 task-114] r.c.m.x.r.UserMapper.getUserByUserName   : <==      Total: 1
2025-08-24 22:29:25.588 DEBUG 21592 --- [XNIO-1 task-114] r.c.m.x.r.MessageUserMapper.unReadCount  : ==>  Preparing: select count(*) from t_message_user where readed='f' and receive_user_id = ? 
2025-08-24 22:29:25.588 DEBUG 21592 --- [XNIO-1 task-114] r.c.m.x.r.MessageUserMapper.unReadCount  : ==> Parameters: 1(Integer)
2025-08-24 22:29:25.590 DEBUG 21592 --- [XNIO-1 task-114] r.c.m.x.r.MessageUserMapper.unReadCount  : <==      Total: 1
2025-08-24 22:29:25.890 DEBUG 21592 --- [XNIO-1 task-117] r.c.m.x.r.UserMapper.getUserByUserName   : ==>  Preparing: select id, user_uuid, user_name, password, real_name, age, sex, birth_day, user_level, phone, role, status, image_path, create_time, modify_time, last_active_time, deleted, wx_open_id from t_user where deleted=0 and user_name=? limit 1 
2025-08-24 22:29:25.890 DEBUG 21592 --- [XNIO-1 task-116] r.c.m.x.r.UserMapper.getUserByUserName   : ==>  Preparing: select id, user_uuid, user_name, password, real_name, age, sex, birth_day, user_level, phone, role, status, image_path, create_time, modify_time, last_active_time, deleted, wx_open_id from t_user where deleted=0 and user_name=? limit 1 
2025-08-24 22:29:25.890 DEBUG 21592 --- [XNIO-1 task-117] r.c.m.x.r.UserMapper.getUserByUserName   : ==> Parameters: student(String)
2025-08-24 22:29:25.890 DEBUG 21592 --- [XNIO-1 task-116] r.c.m.x.r.UserMapper.getUserByUserName   : ==> Parameters: student(String)
2025-08-24 22:29:25.890 DEBUG 21592 --- [XNIO-1 task-116] r.c.m.x.r.UserMapper.getUserByUserName   : <==      Total: 1
2025-08-24 22:29:25.890 DEBUG 21592 --- [XNIO-1 task-117] r.c.m.x.r.UserMapper.getUserByUserName   : <==      Total: 1
2025-08-24 22:29:25.890 DEBUG 21592 --- [XNIO-1 task-116] r.c.m.x.r.T.getByGradeLevel              : ==>  Preparing: select id, title, grade_level, frame_text_content_id, create_user, create_time, deleted, create_user_name from t_task_exam where deleted=0 and grade_level = ? 
2025-08-24 22:29:25.890 DEBUG 21592 --- [XNIO-1 task-117] r.c.m.x.r.ExamPaperMapper.indexPaper     : ==>  Preparing: SELECT id,name,limit_start_time,limit_end_time FROM t_exam_paper WHERE deleted=0 and paper_type= ? and grade_level=? ORDER BY id desc limit 5 
2025-08-24 22:29:25.890 DEBUG 21592 --- [XNIO-1 task-116] r.c.m.x.r.T.getByGradeLevel              : ==> Parameters: 1(Integer)
2025-08-24 22:29:25.890 DEBUG 21592 --- [XNIO-1 task-117] r.c.m.x.r.ExamPaperMapper.indexPaper     : ==> Parameters: 1(Integer), 1(Integer)
2025-08-24 22:29:25.890 DEBUG 21592 --- [XNIO-1 task-116] r.c.m.x.r.T.getByGradeLevel              : <==      Total: 0
2025-08-24 22:29:25.890 DEBUG 21592 --- [XNIO-1 task-117] r.c.m.x.r.ExamPaperMapper.indexPaper     : <==      Total: 0
2025-08-24 22:29:25.894 DEBUG 21592 --- [XNIO-1 task-117] r.c.m.x.r.ExamPaperMapper.indexPaper     : ==>  Preparing: SELECT id,name,limit_start_time,limit_end_time FROM t_exam_paper WHERE deleted=0 and paper_type= ? and grade_level=? and ? between limit_start_time and limit_end_time ORDER BY id desc limit 5 
2025-08-24 22:29:25.894 DEBUG 21592 --- [XNIO-1 task-117] r.c.m.x.r.ExamPaperMapper.indexPaper     : ==> Parameters: 4(Integer), 1(Integer), 2025-08-24 22:29:25.89(Timestamp)
2025-08-24 22:29:25.894 DEBUG 21592 --- [XNIO-1 task-117] r.c.m.x.r.ExamPaperMapper.indexPaper     : <==      Total: 0
2025-08-24 22:29:27.457 DEBUG 21592 --- [XNIO-1 task-118] r.c.m.x.r.UserMapper.getUserByUserName   : ==>  Preparing: select id, user_uuid, user_name, password, real_name, age, sex, birth_day, user_level, phone, role, status, image_path, create_time, modify_time, last_active_time, deleted, wx_open_id from t_user where deleted=0 and user_name=? limit 1 
2025-08-24 22:29:27.458 DEBUG 21592 --- [XNIO-1 task-118] r.c.m.x.r.UserMapper.getUserByUserName   : ==> Parameters: student(String)
2025-08-24 22:29:27.459 DEBUG 21592 --- [XNIO-1 task-118] r.c.m.x.r.UserMapper.getUserByUserName   : <==      Total: 1
2025-08-24 22:29:27.460 DEBUG 21592 --- [XNIO-1 task-118] r.c.m.x.r.S.getSubjectByLevel            : ==>  Preparing: select id, name, level, level_name, item_order, deleted from t_subject where level= ? order by item_order 
2025-08-24 22:29:27.461 DEBUG 21592 --- [XNIO-1 task-118] r.c.m.x.r.S.getSubjectByLevel            : ==> Parameters: 1(Integer)
2025-08-24 22:29:27.462 DEBUG 21592 --- [XNIO-1 task-118] r.c.m.x.r.S.getSubjectByLevel            : <==      Total: 0
2025-08-24 22:29:28.154 DEBUG 21592 --- [XNIO-1 task-119] r.c.m.x.r.UserMapper.getUserByUserName   : ==>  Preparing: select id, user_uuid, user_name, password, real_name, age, sex, birth_day, user_level, phone, role, status, image_path, create_time, modify_time, last_active_time, deleted, wx_open_id from t_user where deleted=0 and user_name=? limit 1 
2025-08-24 22:29:28.154 DEBUG 21592 --- [XNIO-1 task-119] r.c.m.x.r.UserMapper.getUserByUserName   : ==> Parameters: student(String)
2025-08-24 22:29:28.156 DEBUG 21592 --- [XNIO-1 task-119] r.c.m.x.r.UserMapper.getUserByUserName   : <==      Total: 1
2025-08-24 22:29:28.158 DEBUG 21592 --- [XNIO-1 task-119] r.c.m.x.r.E.studentPage_COUNT            : ==>  Preparing: SELECT count(0) FROM t_exam_paper_answer WHERE create_user = ? 
2025-08-24 22:29:28.158 DEBUG 21592 --- [XNIO-1 task-119] r.c.m.x.r.E.studentPage_COUNT            : ==> Parameters: 1(Integer)
2025-08-24 22:29:28.160 DEBUG 21592 --- [XNIO-1 task-119] r.c.m.x.r.E.studentPage_COUNT            : <==      Total: 1
2025-08-24 22:29:29.165 DEBUG 21592 --- [XNIO-1 task-120] r.c.m.x.r.UserMapper.getUserByUserName   : ==>  Preparing: select id, user_uuid, user_name, password, real_name, age, sex, birth_day, user_level, phone, role, status, image_path, create_time, modify_time, last_active_time, deleted, wx_open_id from t_user where deleted=0 and user_name=? limit 1 
2025-08-24 22:29:29.166 DEBUG 21592 --- [XNIO-1 task-120] r.c.m.x.r.UserMapper.getUserByUserName   : ==> Parameters: student(String)
2025-08-24 22:29:29.167 DEBUG 21592 --- [XNIO-1 task-120] r.c.m.x.r.UserMapper.getUserByUserName   : <==      Total: 1
2025-08-24 22:29:29.169 DEBUG 21592 --- [XNIO-1 task-120] r.c.m.x.r.ExamPaperMapper.indexPaper     : ==>  Preparing: SELECT id,name,limit_start_time,limit_end_time FROM t_exam_paper WHERE deleted=0 and paper_type= ? and grade_level=? ORDER BY id desc limit 5 
2025-08-24 22:29:29.170 DEBUG 21592 --- [XNIO-1 task-120] r.c.m.x.r.ExamPaperMapper.indexPaper     : ==> Parameters: 1(Integer), 1(Integer)
2025-08-24 22:29:29.171 DEBUG 21592 --- [XNIO-1 task-120] r.c.m.x.r.ExamPaperMapper.indexPaper     : <==      Total: 0
2025-08-24 22:29:29.172 DEBUG 21592 --- [XNIO-1 task-120] r.c.m.x.r.ExamPaperMapper.indexPaper     : ==>  Preparing: SELECT id,name,limit_start_time,limit_end_time FROM t_exam_paper WHERE deleted=0 and paper_type= ? and grade_level=? and ? between limit_start_time and limit_end_time ORDER BY id desc limit 5 
2025-08-24 22:29:29.172 DEBUG 21592 --- [XNIO-1 task-120] r.c.m.x.r.ExamPaperMapper.indexPaper     : ==> Parameters: 4(Integer), 1(Integer), 2025-08-24 22:29:29.171(Timestamp)
2025-08-24 22:29:29.173 DEBUG 21592 --- [XNIO-1 task-120] r.c.m.x.r.ExamPaperMapper.indexPaper     : <==      Total: 0
2025-08-24 22:29:29.468 DEBUG 21592 --- [XNIO-1 task-121] r.c.m.x.r.UserMapper.getUserByUserName   : ==>  Preparing: select id, user_uuid, user_name, password, real_name, age, sex, birth_day, user_level, phone, role, status, image_path, create_time, modify_time, last_active_time, deleted, wx_open_id from t_user where deleted=0 and user_name=? limit 1 
2025-08-24 22:29:29.468 DEBUG 21592 --- [XNIO-1 task-121] r.c.m.x.r.UserMapper.getUserByUserName   : ==> Parameters: student(String)
2025-08-24 22:29:29.468 DEBUG 21592 --- [XNIO-1 task-121] r.c.m.x.r.UserMapper.getUserByUserName   : <==      Total: 1
2025-08-24 22:29:29.476 DEBUG 21592 --- [XNIO-1 task-121] r.c.m.x.r.T.getByGradeLevel              : ==>  Preparing: select id, title, grade_level, frame_text_content_id, create_user, create_time, deleted, create_user_name from t_task_exam where deleted=0 and grade_level = ? 
2025-08-24 22:29:29.476 DEBUG 21592 --- [XNIO-1 task-121] r.c.m.x.r.T.getByGradeLevel              : ==> Parameters: 1(Integer)
2025-08-24 22:29:29.476 DEBUG 21592 --- [XNIO-1 task-121] r.c.m.x.r.T.getByGradeLevel              : <==      Total: 0
2025-08-24 22:29:31.944 DEBUG 21592 --- [XNIO-1 task-122] r.c.m.x.r.UserMapper.getUserByUserName   : ==>  Preparing: select id, user_uuid, user_name, password, real_name, age, sex, birth_day, user_level, phone, role, status, image_path, create_time, modify_time, last_active_time, deleted, wx_open_id from t_user where deleted=0 and user_name=? limit 1 
2025-08-24 22:29:31.944 DEBUG 21592 --- [XNIO-1 task-122] r.c.m.x.r.UserMapper.getUserByUserName   : ==> Parameters: student(String)
2025-08-24 22:29:31.944 DEBUG 21592 --- [XNIO-1 task-122] r.c.m.x.r.UserMapper.getUserByUserName   : <==      Total: 1
2025-08-24 22:29:31.953 DEBUG 21592 --- [XNIO-1 task-122] r.c.m.x.r.U.insertSelective              : ==>  Preparing: insert into t_user_event_log ( user_id, user_name, real_name, content, create_time ) values ( ?, ?, ?, ?, ? ) 
2025-08-24 22:29:31.953 DEBUG 21592 --- [XNIO-1 task-122] r.c.m.x.r.U.insertSelective              : ==> Parameters: 1(Integer), student(String), 学生(String), student 登出了学之思开源考试系统(String), 2025-08-24 22:29:31.951(Timestamp)
2025-08-24 22:29:31.953 DEBUG 21592 --- [XNIO-1 task-122] r.c.m.x.r.U.insertSelective              : <==    Updates: 1
2025-08-24 22:29:35.481 DEBUG 21592 --- [XNIO-1 task-123] r.c.m.x.r.UserMapper.getUserByUserName   : ==>  Preparing: select id, user_uuid, user_name, password, real_name, age, sex, birth_day, user_level, phone, role, status, image_path, create_time, modify_time, last_active_time, deleted, wx_open_id from t_user where deleted=0 and user_name=? limit 1 
2025-08-24 22:29:35.481 DEBUG 21592 --- [XNIO-1 task-123] r.c.m.x.r.UserMapper.getUserByUserName   : ==> Parameters: admin(String)
2025-08-24 22:29:35.481 DEBUG 21592 --- [XNIO-1 task-123] r.c.m.x.r.UserMapper.getUserByUserName   : <==      Total: 1
2025-08-24 22:29:35.481 DEBUG 21592 --- [XNIO-1 task-123] r.c.m.x.r.UserMapper.getUserByUserName   : ==>  Preparing: select id, user_uuid, user_name, password, real_name, age, sex, birth_day, user_level, phone, role, status, image_path, create_time, modify_time, last_active_time, deleted, wx_open_id from t_user where deleted=0 and user_name=? limit 1 
2025-08-24 22:29:35.481 DEBUG 21592 --- [XNIO-1 task-123] r.c.m.x.r.UserMapper.getUserByUserName   : ==> Parameters: admin(String)
2025-08-24 22:29:35.487 DEBUG 21592 --- [XNIO-1 task-123] r.c.m.x.r.UserMapper.getUserByUserName   : <==      Total: 1
2025-08-24 22:29:35.487 DEBUG 21592 --- [XNIO-1 task-123] r.c.m.x.r.U.insertSelective              : ==>  Preparing: insert into t_user_event_log ( user_id, user_name, real_name, content, create_time ) values ( ?, ?, ?, ?, ? ) 
2025-08-24 22:29:35.489 DEBUG 21592 --- [XNIO-1 task-123] r.c.m.x.r.U.insertSelective              : ==> Parameters: 2(Integer), admin(String), 管理员(String), admin 登录了学之思开源考试系统(String), 2025-08-24 22:29:35.487(Timestamp)
2025-08-24 22:29:35.512 DEBUG 21592 --- [XNIO-1 task-123] r.c.m.x.r.U.insertSelective              : <==    Updates: 1
2025-08-24 22:31:20.590 DEBUG 21592 --- [XNIO-1 task-129] r.c.m.x.r.UserMapper.getUserByUserName   : ==>  Preparing: select id, user_uuid, user_name, password, real_name, age, sex, birth_day, user_level, phone, role, status, image_path, create_time, modify_time, last_active_time, deleted, wx_open_id from t_user where deleted=0 and user_name=? limit 1 
2025-08-24 22:31:20.592 DEBUG 21592 --- [XNIO-1 task-131] r.c.m.x.r.UserMapper.getUserByUserName   : ==>  Preparing: select id, user_uuid, user_name, password, real_name, age, sex, birth_day, user_level, phone, role, status, image_path, create_time, modify_time, last_active_time, deleted, wx_open_id from t_user where deleted=0 and user_name=? limit 1 
2025-08-24 22:31:20.592 DEBUG 21592 --- [XNIO-1 task-129] r.c.m.x.r.UserMapper.getUserByUserName   : ==> Parameters: student(String)
2025-08-24 22:31:20.592 DEBUG 21592 --- [XNIO-1 task-131] r.c.m.x.r.UserMapper.getUserByUserName   : ==> Parameters: student(String)
2025-08-24 22:31:20.595 DEBUG 21592 --- [XNIO-1 task-131] r.c.m.x.r.UserMapper.getUserByUserName   : <==      Total: 1
2025-08-24 22:31:20.595 DEBUG 21592 --- [XNIO-1 task-129] r.c.m.x.r.UserMapper.getUserByUserName   : <==      Total: 1
2025-08-24 22:31:20.595 DEBUG 21592 --- [XNIO-1 task-132] r.c.m.x.r.UserMapper.getUserByUserName   : ==>  Preparing: select id, user_uuid, user_name, password, real_name, age, sex, birth_day, user_level, phone, role, status, image_path, create_time, modify_time, last_active_time, deleted, wx_open_id from t_user where deleted=0 and user_name=? limit 1 
2025-08-24 22:31:20.595 DEBUG 21592 --- [XNIO-1 task-130] r.c.m.x.r.UserMapper.getUserByUserName   : ==>  Preparing: select id, user_uuid, user_name, password, real_name, age, sex, birth_day, user_level, phone, role, status, image_path, create_time, modify_time, last_active_time, deleted, wx_open_id from t_user where deleted=0 and user_name=? limit 1 
2025-08-24 22:31:20.595 DEBUG 21592 --- [XNIO-1 task-130] r.c.m.x.r.UserMapper.getUserByUserName   : ==> Parameters: student(String)
2025-08-24 22:31:20.595 DEBUG 21592 --- [XNIO-1 task-132] r.c.m.x.r.UserMapper.getUserByUserName   : ==> Parameters: student(String)
2025-08-24 22:31:20.596 DEBUG 21592 --- [XNIO-1 task-130] r.c.m.x.r.UserMapper.getUserByUserName   : <==      Total: 1
2025-08-24 22:31:20.596 DEBUG 21592 --- [XNIO-1 task-132] r.c.m.x.r.UserMapper.getUserByUserName   : <==      Total: 1
2025-08-24 22:31:20.597 DEBUG 21592 --- [XNIO-1 task-129] r.c.m.x.r.MessageUserMapper.unReadCount  : ==>  Preparing: select count(*) from t_message_user where readed='f' and receive_user_id = ? 
2025-08-24 22:31:20.597 DEBUG 21592 --- [XNIO-1 task-129] r.c.m.x.r.MessageUserMapper.unReadCount  : ==> Parameters: 1(Integer)
2025-08-24 22:31:20.597 DEBUG 21592 --- [XNIO-1 task-132] r.c.m.x.r.T.getByGradeLevel              : ==>  Preparing: select id, title, grade_level, frame_text_content_id, create_user, create_time, deleted, create_user_name from t_task_exam where deleted=0 and grade_level = ? 
2025-08-24 22:31:20.597 DEBUG 21592 --- [XNIO-1 task-131] r.c.m.x.r.ExamPaperMapper.indexPaper     : ==>  Preparing: SELECT id,name,limit_start_time,limit_end_time FROM t_exam_paper WHERE deleted=0 and paper_type= ? and grade_level=? ORDER BY id desc limit 5 
2025-08-24 22:31:20.597 DEBUG 21592 --- [XNIO-1 task-132] r.c.m.x.r.T.getByGradeLevel              : ==> Parameters: 1(Integer)
2025-08-24 22:31:20.598 DEBUG 21592 --- [XNIO-1 task-131] r.c.m.x.r.ExamPaperMapper.indexPaper     : ==> Parameters: 1(Integer), 1(Integer)
2025-08-24 22:31:20.599 DEBUG 21592 --- [XNIO-1 task-132] r.c.m.x.r.T.getByGradeLevel              : <==      Total: 0
2025-08-24 22:31:20.599 DEBUG 21592 --- [XNIO-1 task-131] r.c.m.x.r.ExamPaperMapper.indexPaper     : <==      Total: 0
2025-08-24 22:31:20.599 DEBUG 21592 --- [XNIO-1 task-129] r.c.m.x.r.MessageUserMapper.unReadCount  : <==      Total: 1
2025-08-24 22:31:20.600 DEBUG 21592 --- [XNIO-1 task-131] r.c.m.x.r.ExamPaperMapper.indexPaper     : ==>  Preparing: SELECT id,name,limit_start_time,limit_end_time FROM t_exam_paper WHERE deleted=0 and paper_type= ? and grade_level=? and ? between limit_start_time and limit_end_time ORDER BY id desc limit 5 
2025-08-24 22:31:20.600 DEBUG 21592 --- [XNIO-1 task-131] r.c.m.x.r.ExamPaperMapper.indexPaper     : ==> Parameters: 4(Integer), 1(Integer), 2025-08-24 22:31:20.6(Timestamp)
2025-08-24 22:31:20.600 DEBUG 21592 --- [XNIO-1 task-131] r.c.m.x.r.ExamPaperMapper.indexPaper     : <==      Total: 0
2025-08-24 23:27:44.377  WARN 21592 --- [HikariPool-1 housekeeper] com.zaxxer.hikari.pool.HikariPool        : HikariPool-1 - Thread starvation or clock leap detected (housekeeper delta=2m52s666ms598?s600ns).
2025-08-24 23:37:50.410  INFO 21592 --- [Thread-2] com.zaxxer.hikari.HikariDataSource       : HikariPool-1 - Shutdown initiated...
2025-08-24 23:37:50.410  INFO 21592 --- [Thread-2] com.zaxxer.hikari.HikariDataSource       : HikariPool-1 - Shutdown completed.
2025-08-24 23:37:50.426  INFO 21592 --- [Thread-2] io.undertow.servlet                      : Destroying Spring FrameworkServlet 'dispatcherServlet'
